[ERROR]2017-10-25 15:38:51,0132
[[==localizedMessage: Required Integer parameter 'a' is not present==]
  [==message: Required Integer parameter 'a' is not present==]
[==cause: null ==]:
  org.springframework.web.method.annotation.RequestParamMethodArgumentResolver.handleMissingValue(RequestParamMethodArgumentResolver.java:198)
  org.springframework.web.method.annotation.AbstractNamedValueMethodArgumentResolver.resolveArgument(AbstractNamedValueMethodArgumentResolver.java:109)
  org.springframework.web.method.support.HandlerMethodArgumentResolverComposite.resolveArgument(HandlerMethodArgumentResolverComposite.java:121)
  org.springframework.web.method.support.InvocableHandlerMethod.getMethodArgumentValues(InvocableHandlerMethod.java:158)
  org.springframework.web.method.support.InvocableHandlerMethod.invokeForRequest(InvocableHandlerMethod.java:128)
  org.springframework.web.servlet.mvc.method.annotation.ServletInvocableHandlerMethod.invokeAndHandle(ServletInvocableHandlerMethod.java:97)
  org.springframework.web.servlet.mvc.method.annotation.RequestMappingHandlerAdapter.invokeHandlerMethod(RequestMappingHandlerAdapter.java:827)
  org.springframework.web.servlet.mvc.method.annotation.RequestMappingHandlerAdapter.handleInternal(RequestMappingHandlerAdapter.java:738)
  org.springframework.web.servlet.mvc.method.AbstractHandlerMethodAdapter.handle(AbstractHandlerMethodAdapter.java:85)
  org.springframework.web.servlet.DispatcherServlet.doDispatch(DispatcherServlet.java:967)
  org.springframework.web.servlet.DispatcherServlet.doService(DispatcherServlet.java:901)
  org.springframework.web.servlet.FrameworkServlet.processRequest(FrameworkServlet.java:970)
  org.springframework.web.servlet.FrameworkServlet.doGet(FrameworkServlet.java:861)
  javax.servlet.http.HttpServlet.service(HttpServlet.java:635)
  org.springframework.web.servlet.FrameworkServlet.service(FrameworkServlet.java:846)
  javax.servlet.http.HttpServlet.service(HttpServlet.java:742)
  org.apache.catalina.core.ApplicationFilterChain.internalDoFilter(ApplicationFilterChain.java:231)
  org.apache.catalina.core.ApplicationFilterChain.doFilter(ApplicationFilterChain.java:166)
  org.apache.tomcat.websocket.server.WsFilter.doFilter(WsFilter.java:52)
  org.apache.catalina.core.ApplicationFilterChain.internalDoFilter(ApplicationFilterChain.java:193)
  org.apache.catalina.core.ApplicationFilterChain.doFilter(ApplicationFilterChain.java:166)
  org.springframework.boot.web.filter.ApplicationContextHeaderFilter.doFilterInternal(ApplicationContextHeaderFilter.java:55)
  org.springframework.web.filter.OncePerRequestFilter.doFilter(OncePerRequestFilter.java:107)
  org.apache.catalina.core.ApplicationFilterChain.internalDoFilter(ApplicationFilterChain.java:193)
  org.apache.catalina.core.ApplicationFilterChain.doFilter(ApplicationFilterChain.java:166)
  org.springframework.boot.actuate.trace.WebRequestTraceFilter.doFilterInternal(WebRequestTraceFilter.java:110)
  org.springframework.web.filter.OncePerRequestFilter.doFilter(OncePerRequestFilter.java:107)
  org.apache.catalina.core.ApplicationFilterChain.internalDoFilter(ApplicationFilterChain.java:193)
  org.apache.catalina.core.ApplicationFilterChain.doFilter(ApplicationFilterChain.java:166)
  org.springframework.web.filter.RequestContextFilter.doFilterInternal(RequestContextFilter.java:99)
  org.springframework.web.filter.OncePerRequestFilter.doFilter(OncePerRequestFilter.java:107)
  org.apache.catalina.core.ApplicationFilterChain.internalDoFilter(ApplicationFilterChain.java:193)
  org.apache.catalina.core.ApplicationFilterChain.doFilter(ApplicationFilterChain.java:166)
  org.springframework.web.filter.HttpPutFormContentFilter.doFilterInternal(HttpPutFormContentFilter.java:105)
  org.springframework.web.filter.OncePerRequestFilter.doFilter(OncePerRequestFilter.java:107)
  org.apache.catalina.core.ApplicationFilterChain.internalDoFilter(ApplicationFilterChain.java:193)
  org.apache.catalina.core.ApplicationFilterChain.doFilter(ApplicationFilterChain.java:166)
  org.springframework.web.filter.HiddenHttpMethodFilter.doFilterInternal(HiddenHttpMethodFilter.java:81)
  org.springframework.web.filter.OncePerRequestFilter.doFilter(OncePerRequestFilter.java:107)
  org.apache.catalina.core.ApplicationFilterChain.internalDoFilter(ApplicationFilterChain.java:193)
  org.apache.catalina.core.ApplicationFilterChain.doFilter(ApplicationFilterChain.java:166)
  org.springframework.web.filter.CharacterEncodingFilter.doFilterInternal(CharacterEncodingFilter.java:197)
  org.springframework.web.filter.OncePerRequestFilter.doFilter(OncePerRequestFilter.java:107)
  org.apache.catalina.core.ApplicationFilterChain.internalDoFilter(ApplicationFilterChain.java:193)
  org.apache.catalina.core.ApplicationFilterChain.doFilter(ApplicationFilterChain.java:166)
  org.springframework.boot.actuate.autoconfigure.MetricsFilter.doFilterInternal(MetricsFilter.java:106)
  org.springframework.web.filter.OncePerRequestFilter.doFilter(OncePerRequestFilter.java:107)
  org.apache.catalina.core.ApplicationFilterChain.internalDoFilter(ApplicationFilterChain.java:193)
  org.apache.catalina.core.ApplicationFilterChain.doFilter(ApplicationFilterChain.java:166)
  org.apache.catalina.core.StandardWrapperValve.invoke(StandardWrapperValve.java:198)
  org.apache.catalina.core.StandardContextValve.invoke(StandardContextValve.java:96)
  org.apache.catalina.authenticator.AuthenticatorBase.invoke(AuthenticatorBase.java:478)
  org.apache.catalina.core.StandardHostValve.invoke(StandardHostValve.java:140)
  org.apache.catalina.valves.ErrorReportValve.invoke(ErrorReportValve.java:80)
  org.apache.catalina.core.StandardEngineValve.invoke(StandardEngineValve.java:87)
  org.apache.catalina.connector.CoyoteAdapter.service(CoyoteAdapter.java:342)
  org.apache.coyote.http11.Http11Processor.service(Http11Processor.java:799)
  org.apache.coyote.AbstractProcessorLight.process(AbstractProcessorLight.java:66)
  org.apache.coyote.AbstractProtocol$ConnectionHandler.process(AbstractProtocol.java:861)
  org.apache.tomcat.util.net.NioEndpoint$SocketProcessor.doRun(NioEndpoint.java:1455)
  org.apache.tomcat.util.net.SocketProcessorBase.run(SocketProcessorBase.java:49)
  java.util.concurrent.ThreadPoolExecutor.runWorker(ThreadPoolExecutor.java:1142)
  java.util.concurrent.ThreadPoolExecutor$Worker.run(ThreadPoolExecutor.java:617)
  org.apache.tomcat.util.threads.TaskThread$WrappingRunnable.run(TaskThread.java:61)
  java.lang.Thread.run(Thread.java:745)
]
[ERROR]2017-10-25 15:41:46,0661
[[==localizedMessage: Request method 'GET' not supported==]
  [==message: Request method 'GET' not supported==]
[==cause: null ==]:
  org.springframework.web.servlet.mvc.method.RequestMappingInfoHandlerMapping.handleNoMatch(RequestMappingInfoHandlerMapping.java:207)
  org.springframework.web.servlet.handler.AbstractHandlerMethodMapping.lookupHandlerMethod(AbstractHandlerMethodMapping.java:374)
  org.springframework.web.servlet.handler.AbstractHandlerMethodMapping.getHandlerInternal(AbstractHandlerMethodMapping.java:314)
  org.springframework.web.servlet.handler.AbstractHandlerMethodMapping.getHandlerInternal(AbstractHandlerMethodMapping.java:61)
  org.springframework.web.servlet.handler.AbstractHandlerMapping.getHandler(AbstractHandlerMapping.java:352)
  org.springframework.web.servlet.DispatcherServlet.getHandler(DispatcherServlet.java:1160)
  org.springframework.web.servlet.DispatcherServlet.doDispatch(DispatcherServlet.java:940)
  org.springframework.web.servlet.DispatcherServlet.doService(DispatcherServlet.java:901)
  org.springframework.web.servlet.FrameworkServlet.processRequest(FrameworkServlet.java:970)
  org.springframework.web.servlet.FrameworkServlet.doGet(FrameworkServlet.java:861)
  javax.servlet.http.HttpServlet.service(HttpServlet.java:635)
  org.springframework.web.servlet.FrameworkServlet.service(FrameworkServlet.java:846)
  javax.servlet.http.HttpServlet.service(HttpServlet.java:742)
  org.apache.catalina.core.ApplicationFilterChain.internalDoFilter(ApplicationFilterChain.java:231)
  org.apache.catalina.core.ApplicationFilterChain.doFilter(ApplicationFilterChain.java:166)
  org.apache.tomcat.websocket.server.WsFilter.doFilter(WsFilter.java:52)
  org.apache.catalina.core.ApplicationFilterChain.internalDoFilter(ApplicationFilterChain.java:193)
  org.apache.catalina.core.ApplicationFilterChain.doFilter(ApplicationFilterChain.java:166)
  org.springframework.boot.web.filter.ApplicationContextHeaderFilter.doFilterInternal(ApplicationContextHeaderFilter.java:55)
  org.springframework.web.filter.OncePerRequestFilter.doFilter(OncePerRequestFilter.java:107)
  org.apache.catalina.core.ApplicationFilterChain.internalDoFilter(ApplicationFilterChain.java:193)
  org.apache.catalina.core.ApplicationFilterChain.doFilter(ApplicationFilterChain.java:166)
  org.springframework.boot.actuate.trace.WebRequestTraceFilter.doFilterInternal(WebRequestTraceFilter.java:110)
  org.springframework.web.filter.OncePerRequestFilter.doFilter(OncePerRequestFilter.java:107)
  org.apache.catalina.core.ApplicationFilterChain.internalDoFilter(ApplicationFilterChain.java:193)
  org.apache.catalina.core.ApplicationFilterChain.doFilter(ApplicationFilterChain.java:166)
  org.springframework.web.filter.RequestContextFilter.doFilterInternal(RequestContextFilter.java:99)
  org.springframework.web.filter.OncePerRequestFilter.doFilter(OncePerRequestFilter.java:107)
  org.apache.catalina.core.ApplicationFilterChain.internalDoFilter(ApplicationFilterChain.java:193)
  org.apache.catalina.core.ApplicationFilterChain.doFilter(ApplicationFilterChain.java:166)
  org.springframework.web.filter.HttpPutFormContentFilter.doFilterInternal(HttpPutFormContentFilter.java:105)
  org.springframework.web.filter.OncePerRequestFilter.doFilter(OncePerRequestFilter.java:107)
  org.apache.catalina.core.ApplicationFilterChain.internalDoFilter(ApplicationFilterChain.java:193)
  org.apache.catalina.core.ApplicationFilterChain.doFilter(ApplicationFilterChain.java:166)
  org.springframework.web.filter.HiddenHttpMethodFilter.doFilterInternal(HiddenHttpMethodFilter.java:81)
  org.springframework.web.filter.OncePerRequestFilter.doFilter(OncePerRequestFilter.java:107)
  org.apache.catalina.core.ApplicationFilterChain.internalDoFilter(ApplicationFilterChain.java:193)
  org.apache.catalina.core.ApplicationFilterChain.doFilter(ApplicationFilterChain.java:166)
  org.springframework.web.filter.CharacterEncodingFilter.doFilterInternal(CharacterEncodingFilter.java:197)
  org.springframework.web.filter.OncePerRequestFilter.doFilter(OncePerRequestFilter.java:107)
  org.apache.catalina.core.ApplicationFilterChain.internalDoFilter(ApplicationFilterChain.java:193)
  org.apache.catalina.core.ApplicationFilterChain.doFilter(ApplicationFilterChain.java:166)
  org.springframework.boot.actuate.autoconfigure.MetricsFilter.doFilterInternal(MetricsFilter.java:106)
  org.springframework.web.filter.OncePerRequestFilter.doFilter(OncePerRequestFilter.java:107)
  org.apache.catalina.core.ApplicationFilterChain.internalDoFilter(ApplicationFilterChain.java:193)
  org.apache.catalina.core.ApplicationFilterChain.doFilter(ApplicationFilterChain.java:166)
  org.apache.catalina.core.StandardWrapperValve.invoke(StandardWrapperValve.java:198)
  org.apache.catalina.core.StandardContextValve.invoke(StandardContextValve.java:96)
  org.apache.catalina.authenticator.AuthenticatorBase.invoke(AuthenticatorBase.java:478)
  org.apache.catalina.core.StandardHostValve.invoke(StandardHostValve.java:140)
  org.apache.catalina.valves.ErrorReportValve.invoke(ErrorReportValve.java:80)
  org.apache.catalina.core.StandardEngineValve.invoke(StandardEngineValve.java:87)
  org.apache.catalina.connector.CoyoteAdapter.service(CoyoteAdapter.java:342)
  org.apache.coyote.http11.Http11Processor.service(Http11Processor.java:799)
  org.apache.coyote.AbstractProcessorLight.process(AbstractProcessorLight.java:66)
  org.apache.coyote.AbstractProtocol$ConnectionHandler.process(AbstractProtocol.java:861)
  org.apache.tomcat.util.net.NioEndpoint$SocketProcessor.doRun(NioEndpoint.java:1455)
  org.apache.tomcat.util.net.SocketProcessorBase.run(SocketProcessorBase.java:49)
  java.util.concurrent.ThreadPoolExecutor.runWorker(ThreadPoolExecutor.java:1142)
  java.util.concurrent.ThreadPoolExecutor$Worker.run(ThreadPoolExecutor.java:617)
  org.apache.tomcat.util.threads.TaskThread$WrappingRunnable.run(TaskThread.java:61)
  java.lang.Thread.run(Thread.java:745)
]
