[INFO]2017-09-20 17:39:45,0894
[get displayStrategy success !]
[INFO]2017-09-21 09:48:15,0496
[get AdgListData success !]
[INFO]2017-09-21 09:48:18,0317
[get AdgListData success !]
[INFO]2017-09-21 09:48:27,0111
[get AdgListData success !]
[INFO]2017-09-21 10:24:15,0069
[get AdgListData success !]
[INFO]2017-09-21 10:24:30,0305
[get AdgListData success !]
[INFO]2017-09-21 10:25:26,0244
[get AdgListData success !]
[INFO]2017-09-21 10:25:36,0356
[get AdgListData success !]
[INFO]2017-09-21 10:27:40,0908
[get AdgListData success !]
[INFO]2017-09-21 10:27:41,0686
[get AdgListData success !]
[INFO]2017-09-21 10:27:43,0001
[get AdgListData success !]
[INFO]2017-09-21 10:27:53,0788
[get AdgListData success !]
[INFO]2017-09-21 10:29:14,0018
[get AdgListData success !]
[INFO]2017-09-21 10:29:37,0521
[get AdgListData success !]
[INFO]2017-09-21 10:33:25,0316
[get AdgListData success !]
[INFO]2017-09-21 10:37:43,0120
[get AdgListData success !]
[INFO]2017-09-21 10:37:52,0841
[get AdgListData success !]
[INFO]2017-09-22 13:46:25,0613
[advertisementGroup save success !]
[INFO]2017-09-22 13:47:30,0557
[advertisementGroup save success !]
[INFO]2017-09-22 13:47:47,0000
[advertisementGroup save success !]
[INFO]2017-09-22 13:49:19,0671
[advertisementGroup save success !]
[INFO]2017-09-22 13:49:49,0689
[advertisementGroup save success !]
[INFO]2017-09-22 13:52:11,0076
[advertisementGroup save success !]
[INFO]2017-09-22 13:58:11,0735
[advertisementGroup save success !]
[INFO]2017-09-22 13:58:34,0867
[advertisementGroup save success !]
[INFO]2017-09-22 13:58:40,0716
[epgAdgRel save success !]
[INFO]2017-09-22 13:58:40,0716
[adgAdRel save success !]
[INFO]2017-09-22 13:58:40,0727
[ displayStrategy save success !]
[INFO]2017-09-22 14:10:19,0504
[get AdgListData success !]
[INFO]2017-09-22 14:10:38,0497
[advertisementGroup save success !]
[INFO]2017-09-22 14:10:46,0695
[epgAdgRel save success !]
[INFO]2017-09-22 14:10:46,0696
[adgAdRel save success !]
[INFO]2017-09-22 14:10:46,0704
[ displayStrategy save success !]
[INFO]2017-09-22 14:10:46,0981
[get AdgListData success !]
[INFO]2017-09-22 14:11:01,0918
[get AdvertisementGroupInfo success !]
[INFO]2017-09-22 14:11:30,0959
[get AdgListData success !]
[INFO]2017-09-22 14:11:33,0530
[get AdvertisementGroupInfo success !]
[INFO]2017-09-22 14:12:45,0259
[get AdgListData success !]
[INFO]2017-09-22 14:12:48,0714
[get AdgListData success !]
[INFO]2017-09-22 14:12:53,0942
[get AdgListData success !]
[INFO]2017-09-22 14:12:59,0140
[get AdgListData success !]
[INFO]2017-09-22 14:13:17,0852
[get AdgListData success !]
[INFO]2017-09-22 14:13:25,0253
[get AdgListData success !]
[INFO]2017-09-22 14:13:50,0348
[get AdgListData success !]
[INFO]2017-09-22 14:13:53,0988
[get AdgListData success !]
[INFO]2017-09-22 14:13:58,0733
[get AdgListData success !]
[INFO]2017-09-22 14:14:26,0498
[get AdvertisementGroupInfo success !]
[INFO]2017-09-22 14:17:25,0471
[get AdgListData success !]
[INFO]2017-09-22 14:17:36,0651
[get AdgListData success !]
[INFO]2017-09-22 14:17:38,0851
[get AdvertisementGroupInfo success !]
[INFO]2017-09-22 14:17:41,0096
[get AdgListData success !]
[INFO]2017-09-22 14:17:44,0420
[get AdvertisementGroupInfo success !]
[INFO]2017-09-22 14:21:40,0364
[get AdgListData success !]
[INFO]2017-09-22 14:21:42,0513
[get AdgListData success !]
[INFO]2017-09-22 14:21:55,0990
[get AdvertisementGroupInfo success !]
[INFO]2017-09-22 14:22:32,0108
[get AdvertisementGroupInfo success !]
[INFO]2017-09-22 14:23:06,0603
[get AdgListData success !]
[INFO]2017-09-22 14:23:08,0654
[get AdvertisementGroupInfo success !]
[INFO]2017-09-22 14:23:10,0476
[get AdgListData success !]
[INFO]2017-09-22 14:23:11,0396
[get AdvertisementGroupInfo success !]
[INFO]2017-09-22 14:23:17,0163
[get AdvertisementGroupInfo success !]
[INFO]2017-09-22 14:23:29,0071
[get AdgListData success !]
[INFO]2017-09-22 14:23:31,0246
[get AdvertisementGroupInfo success !]
[INFO]2017-09-22 14:23:32,0869
[get AdgListData success !]
[INFO]2017-09-22 14:23:33,0773
[get AdvertisementGroupInfo success !]
[INFO]2017-09-22 14:24:39,0393
[get AdgListData success !]
[INFO]2017-09-22 14:24:41,0552
[get AdvertisementGroupInfo success !]
[INFO]2017-09-22 14:24:43,0006
[get AdgListData success !]
[INFO]2017-09-22 14:24:43,0872
[get AdvertisementGroupInfo success !]
[INFO]2017-09-22 14:25:37,0848
[get AdgListData success !]
[INFO]2017-09-22 14:25:40,0790
[get AdvertisementGroupInfo success !]
[INFO]2017-09-22 14:25:43,0926
[get AdgListData success !]
[INFO]2017-09-22 14:25:47,0546
[get AdvertisementGroupInfo success !]
[INFO]2017-09-22 14:25:59,0731
[get AdgListData success !]
[INFO]2017-09-22 14:26:02,0215
[get AdgListData success !]
[INFO]2017-09-22 14:26:07,0038
[get AdgListData success !]
[INFO]2017-09-22 14:26:15,0677
[get AdgListData success !]
[INFO]2017-09-22 14:26:28,0491
[get AdgListData success !]
[INFO]2017-09-22 14:26:34,0945
[get AdgListData success !]
[INFO]2017-09-22 14:27:00,0471
[get AdgListData success !]
[INFO]2017-09-22 14:27:07,0103
[get AdgListData success !]
[INFO]2017-09-22 14:27:15,0868
[get AdgListData success !]
[INFO]2017-09-22 14:27:20,0027
[get AdgListData success !]
[INFO]2017-09-22 14:27:23,0564
[get AdgListData success !]
[INFO]2017-09-22 14:27:28,0231
[get AdgListData success !]
[INFO]2017-09-22 14:27:37,0686
[get AdgListData success !]
[INFO]2017-09-22 14:27:39,0792
[get AdgListData success !]
[INFO]2017-09-22 14:27:46,0647
[get AdgListData success !]
[INFO]2017-09-22 14:27:47,0950
[get AdvertisementGroupInfo success !]
[INFO]2017-09-22 14:28:41,0785
[get AdvertisementGroupInfo success !]
[INFO]2017-09-22 14:29:02,0745
[get AdvertisementGroupInfo success !]
[INFO]2017-09-22 14:29:13,0790
[advertisementGroup update success !]
[INFO]2017-09-22 14:29:14,0021
[get AdgListData success !]
[INFO]2017-09-22 14:29:25,0637
[get AdvertisementGroupInfo success !]
[INFO]2017-09-22 14:31:03,0521
[get AdvertisementGroupInfo success !]
[INFO]2017-09-22 14:31:51,0495
[advertisementGroup update success !]
[INFO]2017-09-22 14:31:51,0661
[get AdgListData success !]
[INFO]2017-09-22 14:32:22,0011
[get AdgListData success !]
[INFO]2017-09-22 14:32:25,0723
[get AdgListData success !]
[INFO]2017-09-22 14:32:33,0228
[get AdgListData success !]
[INFO]2017-09-22 14:32:34,0608
[get AdgListData success !]
[INFO]2017-09-22 14:32:43,0769
[get AdgListData success !]
[INFO]2017-09-22 14:32:50,0693
[get AdgListData success !]
[INFO]2017-09-22 14:32:56,0373
[get AdgListData success !]
[INFO]2017-09-22 14:33:03,0354
[get AdgListData success !]
[INFO]2017-09-22 14:33:06,0445
[get AdgListData success !]
[INFO]2017-09-22 14:33:09,0994
[get AdgListData success !]
[INFO]2017-09-22 14:33:17,0304
[get AdgListData success !]
[INFO]2017-09-22 14:33:23,0553
[get AdgListData success !]
[INFO]2017-09-22 14:33:37,0358
[get AdgListData success !]
[INFO]2017-09-22 14:33:39,0554
[get AdvertisementGroupInfo success !]
[INFO]2017-09-22 14:36:20,0477
[get AdgListData success !]
[INFO]2017-09-22 14:36:25,0534
[get AdgListData success !]
[INFO]2017-09-22 14:36:28,0723
[get AdgListData success !]
[INFO]2017-09-22 14:36:36,0639
[get AdgListData success !]
[INFO]2017-09-22 14:37:05,0387
[get AdgListData success !]
[INFO]2017-09-22 14:37:11,0732
[get AdgListData success !]
[INFO]2017-09-22 14:37:15,0322
[get AdgListData success !]
[INFO]2017-09-22 14:37:21,0047
[get AdgListData success !]
[INFO]2017-09-22 14:37:24,0484
[get AdgListData success !]
[INFO]2017-09-22 14:37:30,0802
[get AdgListData success !]
[INFO]2017-09-22 14:37:33,0124
[get AdgListData success !]
[INFO]2017-09-22 14:37:42,0458
[get AdgListData success !]
[INFO]2017-09-22 14:37:48,0136
[get AdgListData success !]
[INFO]2017-09-22 14:37:52,0514
[get AdgListData success !]
[INFO]2017-09-22 14:37:55,0515
[get AdgListData success !]
[INFO]2017-09-22 14:37:59,0788
[get AdgListData success !]
[INFO]2017-09-22 14:38:09,0285
[get AdgListData success !]
[INFO]2017-09-22 14:38:11,0396
[get AdgListData success !]
[INFO]2017-09-22 14:38:13,0202
[get AdvertisementGroupInfo success !]
[INFO]2017-09-22 14:38:16,0896
[get AdgListData success !]
[INFO]2017-09-22 14:38:18,0252
[get AdvertisementGroupInfo success !]
[INFO]2017-09-22 14:39:14,0366
[get AdgListData success !]
[INFO]2017-09-22 14:39:19,0671
[get AdvertisementGroupInfo success !]
[INFO]2017-09-22 14:39:58,0091
[get AdgListData success !]
[INFO]2017-09-22 14:40:01,0835
[get AdvertisementGroupInfo success !]
[INFO]2017-09-22 14:40:41,0003
[get AdgListData success !]
[INFO]2017-09-22 14:40:45,0467
[get AdgListData success !]
[INFO]2017-09-22 14:40:48,0938
[get AdgListData success !]
[INFO]2017-09-22 14:40:58,0176
[get AdgListData success !]
[INFO]2017-09-22 14:41:07,0358
[get AdgListData success !]
[INFO]2017-09-22 14:41:17,0584
[get AdgListData success !]
[INFO]2017-09-22 14:41:21,0324
[get AdvertisementGroupInfo success !]
[INFO]2017-09-22 14:41:25,0060
[get AdgListData success !]
[INFO]2017-09-22 14:41:26,0150
[get AdvertisementGroupInfo success !]
[INFO]2017-09-22 14:42:47,0218
[get AdgListData success !]
[INFO]2017-09-22 14:42:52,0220
[get AdgListData success !]
[INFO]2017-09-22 14:42:54,0067
[get AdvertisementGroupInfo success !]
[INFO]2017-09-22 14:44:07,0442
[get AdgListData success !]
[INFO]2017-09-22 14:44:20,0188
[get AdgListData success !]
[INFO]2017-09-22 14:44:21,0459
[get AdvertisementGroupInfo success !]
[INFO]2017-09-22 14:45:13,0684
[get AdgListData success !]
[INFO]2017-09-22 14:45:18,0223
[get AdvertisementGroupInfo success !]
[INFO]2017-09-22 14:45:32,0932
[get AdgListData success !]
[INFO]2017-09-22 14:45:38,0507
[get AdgListData success !]
[INFO]2017-09-22 14:45:39,0709
[get AdvertisementGroupInfo success !]
[INFO]2017-09-22 14:46:11,0920
[get AdgListData success !]
[INFO]2017-09-22 14:46:21,0388
[get AdgListData success !]
[INFO]2017-09-22 14:46:22,0465
[get AdvertisementGroupInfo success !]
[INFO]2017-09-22 14:47:39,0484
[get AdgListData success !]
[INFO]2017-09-22 14:47:54,0765
[get AdgListData success !]
[INFO]2017-09-22 14:47:55,0800
[get AdvertisementGroupInfo success !]
[INFO]2017-09-22 14:47:58,0360
[get AdgListData success !]
[INFO]2017-09-22 14:48:16,0787
[get AdgListData success !]
[INFO]2017-09-22 14:48:26,0111
[get AdgListData success !]
[INFO]2017-09-22 14:48:28,0030
[get AdgListData success !]
[INFO]2017-09-22 14:48:29,0116
[get AdvertisementGroupInfo success !]
[INFO]2017-09-22 14:48:43,0766
[get AdgListData success !]
[INFO]2017-09-22 14:48:45,0551
[get AdgListData success !]
[INFO]2017-09-22 14:48:47,0305
[get AdvertisementGroupInfo success !]
[INFO]2017-09-22 14:48:50,0251
[get AdgListData success !]
[INFO]2017-09-22 14:48:51,0113
[get AdvertisementGroupInfo success !]
[INFO]2017-09-22 14:50:52,0131
[get AdgListData success !]
[INFO]2017-09-22 14:50:54,0367
[get AdgListData success !]
[INFO]2017-09-22 14:50:58,0922
[get AdgListData success !]
[INFO]2017-09-22 14:51:01,0733
[get AdvertisementGroupInfo success !]
[INFO]2017-09-22 14:51:34,0254
[get AdgListData success !]
[INFO]2017-09-22 14:51:35,0549
[get AdvertisementGroupInfo success !]
[INFO]2017-09-22 14:51:59,0739
[get AdgListData success !]
[INFO]2017-09-22 14:52:22,0597
[get AdgListData success !]
[INFO]2017-09-22 14:52:27,0037
[get AdgListData success !]
[INFO]2017-09-22 14:52:28,0373
[get AdvertisementGroupInfo success !]
[INFO]2017-09-22 14:54:06,0228
[get AdgListData success !]
[INFO]2017-09-22 14:54:12,0903
[get AdgListData success !]
[INFO]2017-09-22 14:54:15,0318
[get AdgListData success !]
[INFO]2017-09-22 14:54:29,0511
[get AdgListData success !]
[INFO]2017-09-22 14:54:35,0614
[get AdgListData success !]
[INFO]2017-09-22 14:54:40,0580
[get AdgListData success !]
[INFO]2017-09-22 14:54:47,0377
[get AdgListData success !]
[INFO]2017-09-22 14:54:49,0628
[get AdgListData success !]
[INFO]2017-09-22 14:54:54,0365
[get AdgListData success !]
[INFO]2017-09-22 14:55:21,0950
[get AdgListData success !]
[INFO]2017-09-22 14:55:30,0600
[get AdgListData success !]
[INFO]2017-09-22 14:55:33,0221
[get AdgListData success !]
[INFO]2017-09-22 14:55:36,0075
[get AdgListData success !]
[INFO]2017-09-22 14:55:39,0669
[get AdgListData success !]
[INFO]2017-09-22 14:55:43,0574
[get AdgListData success !]
[INFO]2017-09-22 14:55:47,0708
[get AdgListData success !]
[INFO]2017-09-22 14:55:59,0179
[get AdgListData success !]
[INFO]2017-09-22 14:56:02,0716
[get AdgListData success !]
[INFO]2017-09-22 14:56:04,0483
[get AdgListData success !]
[INFO]2017-09-22 14:56:08,0763
[get AdgListData success !]
[INFO]2017-09-22 14:56:12,0343
[get AdgListData success !]
[INFO]2017-09-22 14:56:21,0034
[get AdgListData success !]
[INFO]2017-09-22 14:56:24,0982
[get AdvertisementGroupInfo success !]
[INFO]2017-09-22 14:56:57,0585
[get AdgListData success !]
[INFO]2017-09-22 14:57:01,0078
[get AdvertisementGroupInfo success !]
[INFO]2017-09-22 14:57:19,0771
[get AdgListData success !]
[INFO]2017-09-22 14:57:25,0398
[get AdvertisementGroupInfo success !]
[INFO]2017-09-22 14:58:45,0182
[get AdgListData success !]
[INFO]2017-09-22 14:59:19,0787
[get AdgListData success !]
[INFO]2017-09-22 14:59:35,0452
[get AdgListData success !]
[INFO]2017-09-22 14:59:40,0002
[get AdgListData success !]
[INFO]2017-09-22 14:59:45,0275
[get AdgListData success !]
[INFO]2017-09-22 14:59:48,0645
[get AdgListData success !]
[INFO]2017-09-22 14:59:55,0528
[get AdgListData success !]
[INFO]2017-09-22 14:59:58,0727
[get AdgListData success !]
[INFO]2017-09-22 15:00:09,0352
[get AdgListData success !]
[INFO]2017-09-22 15:00:11,0486
[get AdvertisementGroupInfo success !]
[INFO]2017-09-22 15:00:43,0145
[advertisementGroup update success !]
[INFO]2017-09-22 15:00:43,0362
[get AdgListData success !]
[INFO]2017-09-22 15:03:17,0826
[get AdvertisementGroupInfo success !]
[INFO]2017-09-22 15:03:27,0983
[advertisementGroup update success !]
[INFO]2017-09-22 15:03:28,0142
[get AdgListData success !]
[INFO]2017-09-22 15:03:45,0283
[get AdvertisementGroupInfo success !]
[INFO]2017-09-22 15:03:47,0625
[advertisementGroup update success !]
[INFO]2017-09-22 15:06:01,0603
[get AdgListData success !]
[INFO]2017-09-22 15:06:15,0460
[get AdvertisementGroupInfo success !]
[INFO]2017-09-22 15:06:19,0229
[advertisementGroup update success !]
[INFO]2017-09-22 15:13:49,0168
[get AdgListData success !]
[INFO]2017-09-22 15:14:07,0125
[get AdgListData success !]
[INFO]2017-09-22 15:14:24,0245
[get AdgListData success !]
[INFO]2017-09-22 15:14:33,0024
[get AdgListData success !]
[INFO]2017-09-22 15:14:34,0650
[get AdvertisementGroupInfo success !]
[INFO]2017-09-22 15:14:38,0447
[advertisementGroup update success !]
[INFO]2017-09-22 15:14:38,0485
[epgAdgRel save success !]
[INFO]2017-09-22 15:14:38,0485
[adgAdRel save success !]
[INFO]2017-09-22 15:14:38,0492
[ displayStrategy save success !]
[INFO]2017-09-22 15:14:38,0712
[get AdgListData success !]
[INFO]2017-09-22 15:15:09,0568
[get AdgListData success !]
[INFO]2017-09-22 15:15:51,0322
[get AdgListData success !]
[INFO]2017-09-22 15:16:00,0017
[get AdgListData success !]
[INFO]2017-09-22 15:16:02,0801
[get AdgListData success !]
[INFO]2017-09-22 15:16:14,0554
[get AdgListData success !]
[INFO]2017-09-22 15:16:22,0427
[get AdgListData success !]
[INFO]2017-09-22 15:16:29,0119
[get AdgListData success !]
[INFO]2017-09-22 15:16:40,0490
[get AdgListData success !]
[INFO]2017-09-22 15:16:43,0287
[get AdgListData success !]
[INFO]2017-09-22 15:16:43,0378
[get AdgListData success !]
[INFO]2017-09-22 15:17:15,0210
[get AdgListData success !]
[INFO]2017-09-22 15:17:23,0203
[get AdgListData success !]
[INFO]2017-09-22 15:17:29,0736
[get AdgListData success !]
[INFO]2017-09-22 15:17:35,0661
[get AdgListData success !]
[INFO]2017-09-22 15:17:42,0973
[get AdgListData success !]
[INFO]2017-09-22 15:17:51,0921
[get AdgListData success !]
[INFO]2017-09-22 15:18:35,0314
[get AdgListData success !]
[INFO]2017-09-22 15:18:56,0087
[get AdgListData success !]
[INFO]2017-09-22 15:19:44,0230
[get AdgListData success !]
[INFO]2017-09-22 15:19:49,0979
[get AdgListData success !]
[INFO]2017-09-22 15:20:18,0993
[get AdgListData success !]
[INFO]2017-09-22 15:20:40,0278
[get AdgListData success !]
[INFO]2017-09-22 15:21:09,0654
[get AdgListData success !]
[INFO]2017-09-22 15:21:30,0757
[get AdgListData success !]
[INFO]2017-09-22 15:22:21,0158
[get AdgListData success !]
[INFO]2017-09-22 15:22:26,0336
[get AdgListData success !]
[INFO]2017-09-22 15:23:27,0071
[get AdgListData success !]
[INFO]2017-09-22 15:23:39,0827
[get AdgListData success !]
[INFO]2017-09-22 15:23:41,0526
[get AdvertisementGroupInfo success !]
[INFO]2017-09-22 15:23:41,0900
[get AdgListData success !]
[INFO]2017-09-22 15:23:42,0877
[get AdvertisementGroupInfo success !]
[INFO]2017-09-22 15:25:18,0245
[get AdgListData success !]
[INFO]2017-09-22 15:25:40,0717
[get AdgListData success !]
[INFO]2017-09-22 15:25:46,0227
[get AdgListData success !]
[INFO]2017-09-22 15:26:39,0902
[get AdgListData success !]
[INFO]2017-09-22 15:27:04,0368
[get AdgListData success !]
[INFO]2017-09-22 15:27:08,0368
[get AdgListData success !]
[INFO]2017-09-22 15:27:14,0049
[get AdgListData success !]
[INFO]2017-09-22 15:27:16,0902
[get AdgListData success !]
[INFO]2017-09-22 15:27:21,0938
[get AdgListData success !]
[INFO]2017-09-22 15:27:47,0111
[get AdgListData success !]
[INFO]2017-09-22 15:28:18,0340
[get AdgListData success !]
[INFO]2017-09-22 15:28:34,0919
[get AdgListData success !]
[INFO]2017-09-22 15:28:41,0320
[get AdgListData success !]
[INFO]2017-09-22 15:29:08,0186
[get AdgListData success !]
[INFO]2017-09-22 15:29:13,0769
[get AdgListData success !]
[INFO]2017-09-22 15:29:21,0325
[get AdgListData success !]
[INFO]2017-09-22 15:29:31,0727
[get AdgListData success !]
[INFO]2017-09-22 15:29:39,0380
[get AdgListData success !]
[INFO]2017-09-22 15:29:50,0333
[get AdgListData success !]
[INFO]2017-09-22 15:30:17,0351
[get AdgListData success !]
[INFO]2017-09-22 15:30:58,0700
[get AdgListData success !]
[INFO]2017-09-22 15:31:04,0308
[get AdgListData success !]
[INFO]2017-09-22 15:31:11,0324
[get AdgListData success !]
[INFO]2017-09-22 15:32:03,0265
[get AdgListData success !]
[INFO]2017-09-22 15:32:08,0032
[get AdgListData success !]
[INFO]2017-09-22 15:32:34,0980
[get AdvertisementGroupInfo success !]
[INFO]2017-09-22 15:34:43,0045
[get AdgListData success !]
[INFO]2017-09-22 15:34:45,0961
[get AdvertisementGroupInfo success !]
[INFO]2017-09-22 15:34:47,0133
[get AdgListData success !]
[INFO]2017-09-22 15:34:48,0542
[get AdvertisementGroupInfo success !]
[INFO]2017-09-22 15:34:52,0015
[get AdgListData success !]
[INFO]2017-09-22 15:34:53,0204
[get AdvertisementGroupInfo success !]
[INFO]2017-09-22 15:34:59,0351
[get AdvertisementGroupInfo success !]
[INFO]2017-09-22 15:35:04,0289
[get AdvertisementGroupInfo success !]
[INFO]2017-09-22 15:35:08,0731
[advertisementGroup update success !]
[INFO]2017-09-22 15:35:08,0742
[epgAdgRel save success !]
[INFO]2017-09-22 15:35:08,0742
[adgAdRel save success !]
[INFO]2017-09-22 15:35:08,0745
[ displayStrategy save success !]
[INFO]2017-09-22 15:35:08,0967
[get AdgListData success !]
[INFO]2017-09-22 15:35:11,0381
[get AdvertisementGroupInfo success !]
[INFO]2017-09-22 15:35:28,0729
[get AdgListData success !]
[INFO]2017-09-22 15:35:34,0035
[get AdgListData success !]
[INFO]2017-09-22 15:35:36,0525
[get AdvertisementGroupInfo success !]
[INFO]2017-09-22 15:35:58,0992
[get AdgListData success !]
[INFO]2017-09-22 15:36:17,0579
[get AdgListData success !]
[INFO]2017-09-22 15:36:56,0644
[get AdgListData success !]
[INFO]2017-09-22 15:37:30,0332
[get AdgListData success !]
[INFO]2017-09-22 15:38:08,0892
[get AdgListData success !]
[INFO]2017-09-22 15:38:13,0345
[get AdgListData success !]
[INFO]2017-09-22 15:38:49,0719
[get AdgListData success !]
[INFO]2017-09-22 15:38:59,0271
[get AdgListData success !]
[INFO]2017-09-22 15:39:37,0759
[get AdgListData success !]
[INFO]2017-09-22 15:39:48,0343
[get AdgListData success !]
[INFO]2017-09-22 15:39:50,0241
[get AdvertisementGroupInfo success !]
[INFO]2017-09-22 15:40:40,0154
[get PreviewData success !]
[INFO]2017-09-22 15:41:04,0249
[get AdgListData success !]
[INFO]2017-09-22 15:41:09,0305
[get AdgListData success !]
[INFO]2017-09-22 15:42:11,0253
[get AdgListData success !]
[INFO]2017-09-22 15:42:45,0481
[get AdgListData success !]
[INFO]2017-09-22 15:42:51,0851
[get AdgListData success !]
[INFO]2017-09-22 15:43:23,0688
[get AdgListData success !]
[INFO]2017-09-22 15:43:26,0794
[get AdgListData success !]
[INFO]2017-09-22 15:43:30,0481
[get AdgListData success !]
[INFO]2017-09-22 15:43:35,0229
[get AdgListData success !]
[INFO]2017-09-22 15:44:19,0666
[get AdgListData success !]
[INFO]2017-09-22 15:44:54,0918
[get AdgListData success !]
[INFO]2017-09-22 15:44:59,0783
[get AdgListData success !]
[INFO]2017-09-22 15:45:28,0119
[get AdgListData success !]
[INFO]2017-09-22 15:45:30,0288
[get AdgListData success !]
[INFO]2017-09-22 15:45:46,0038
[get AdgListData success !]
[INFO]2017-09-22 15:47:04,0034
[get AdgListData success !]
[INFO]2017-09-22 15:47:11,0992
[get AdgListData success !]
[INFO]2017-09-22 15:47:14,0052
[get AdgListData success !]
[INFO]2017-09-22 15:47:28,0230
[get AdgListData success !]
[INFO]2017-09-22 15:47:31,0885
[get AdgListData success !]
[INFO]2017-09-22 15:47:41,0173
[get AdgListData success !]
[INFO]2017-09-22 15:47:48,0618
[get AdgListData success !]
[INFO]2017-09-22 15:47:55,0558
[get AdgListData success !]
[INFO]2017-09-22 15:48:21,0258
[get AdgListData success !]
[INFO]2017-09-22 15:48:27,0879
[get AdgListData success !]
[INFO]2017-09-22 15:48:28,0132
[get AdgListData success !]
[INFO]2017-09-22 15:48:30,0642
[get AdgListData success !]
[INFO]2017-09-22 15:48:34,0312
[get AdgListData success !]
[INFO]2017-09-22 15:49:38,0327
[get AdgListData success !]
[INFO]2017-09-22 15:49:45,0846
[get AdgListData success !]
[INFO]2017-09-22 15:49:46,0074
[get AdgListData success !]
[INFO]2017-09-22 15:49:52,0582
[get AdgListData success !]
[INFO]2017-09-22 15:50:53,0222
[get AdgListData success !]
[INFO]2017-09-22 15:50:59,0778
[get AdgListData success !]
[INFO]2017-09-22 15:51:03,0442
[get AdvertisementGroupInfo success !]
[INFO]2017-09-22 15:51:07,0911
[get AdgListData success !]
[INFO]2017-09-22 15:52:20,0935
[get AdgListData success !]
[INFO]2017-09-22 15:52:24,0205
[get AdvertisementGroupInfo success !]
[INFO]2017-09-22 15:52:29,0356
[get AdgListData success !]
[INFO]2017-09-22 15:52:52,0821
[get AdgListData success !]
[INFO]2017-09-22 15:53:05,0007
[get AdgListData success !]
[INFO]2017-09-22 15:53:11,0644
[get AdgListData success !]
[INFO]2017-09-22 15:54:57,0411
[get AdgListData success !]
[INFO]2017-09-22 15:55:01,0550
[get AdgListData success !]
[INFO]2017-09-22 15:55:04,0764
[get AdgListData success !]
[INFO]2017-09-22 15:55:09,0501
[get AdgListData success !]
[INFO]2017-09-22 15:56:12,0929
[get AdgListData success !]
[INFO]2017-09-22 15:57:03,0207
[get AdgListData success !]
[INFO]2017-09-22 15:57:09,0674
[get AdgListData success !]
[INFO]2017-09-22 15:57:12,0330
[get AdgListData success !]
[INFO]2017-09-22 15:58:15,0453
[get AdgListData success !]
[INFO]2017-09-22 15:58:33,0251
[get AdgListData success !]
[INFO]2017-09-22 15:58:36,0937
[get AdgListData success !]
[INFO]2017-09-22 15:58:40,0507
[get AdgListData success !]
[INFO]2017-09-22 15:58:43,0603
[get AdgListData success !]
[INFO]2017-09-22 15:59:42,0989
[get AdgListData success !]
[INFO]2017-09-22 16:00:07,0963
[get AdgListData success !]
[INFO]2017-09-22 16:00:12,0335
[get AdgListData success !]
[INFO]2017-09-22 16:00:16,0041
[get AdgListData success !]
[INFO]2017-09-22 16:00:20,0726
[get AdgListData success !]
[INFO]2017-09-22 16:00:52,0456
[get AdgListData success !]
[INFO]2017-09-22 16:00:55,0835
[get AdgListData success !]
[INFO]2017-09-22 16:01:01,0201
[get AdgListData success !]
[INFO]2017-09-22 16:01:02,0260
[get AdvertisementGroupInfo success !]
[INFO]2017-09-22 16:02:37,0249
[get AdgListData success !]
[INFO]2017-09-22 16:02:40,0846
[get AdgListData success !]
[INFO]2017-09-22 16:02:45,0913
[get AdgListData success !]
[INFO]2017-09-22 16:02:47,0235
[get AdvertisementGroupInfo success !]
[INFO]2017-09-22 16:03:29,0525
[get AdgListData success !]
[INFO]2017-09-22 16:03:46,0473
[get AdvertisementGroupInfo success !]
[INFO]2017-09-22 16:04:24,0714
[get AdgListData success !]
[INFO]2017-09-22 16:04:33,0266
[get AdvertisementGroupInfo success !]
[INFO]2017-09-22 16:05:34,0898
[get AdgListData success !]
[INFO]2017-09-22 16:05:36,0875
[get AdvertisementGroupInfo success !]
[INFO]2017-09-22 16:06:05,0484
[get AdgListData success !]
[INFO]2017-09-22 16:06:06,0578
[get AdvertisementGroupInfo success !]
[INFO]2017-09-22 16:06:16,0294
[get AdgListData success !]
[INFO]2017-09-22 16:06:23,0404
[get AdgListData success !]
[INFO]2017-09-22 16:06:25,0920
[get AdgListData success !]
[INFO]2017-09-22 16:06:27,0233
[get AdvertisementGroupInfo success !]
[INFO]2017-09-22 16:06:30,0784
[get AdgListData success !]
[INFO]2017-09-22 16:06:31,0711
[get AdvertisementGroupInfo success !]
[INFO]2017-09-22 16:06:51,0284
[get AdgListData success !]
[INFO]2017-09-22 16:06:52,0426
[get AdvertisementGroupInfo success !]
[INFO]2017-09-22 16:07:07,0467
[get AdvertisementGroupInfo success !]
[INFO]2017-09-22 16:07:24,0525
[get AdgListData success !]
[INFO]2017-09-22 16:07:29,0573
[get AdgListData success !]
[INFO]2017-09-22 16:07:31,0255
[get AdvertisementGroupInfo success !]
[INFO]2017-09-22 16:07:48,0990
[get AdgListData success !]
[INFO]2017-09-22 16:07:51,0577
[get AdgListData success !]
[INFO]2017-09-22 16:07:55,0292
[get AdgListData success !]
[INFO]2017-09-22 16:08:00,0056
[get AdgListData success !]
[INFO]2017-09-22 16:08:08,0445
[get AdgListData success !]
[INFO]2017-09-22 16:08:09,0541
[get AdgListData success !]
[INFO]2017-09-22 16:08:11,0009
[get AdvertisementGroupInfo success !]
[INFO]2017-09-22 16:08:33,0833
[advertisementGroup update success !]
[INFO]2017-09-22 16:08:33,0842
[epgAdgRel save success !]
[INFO]2017-09-22 16:08:33,0842
[adgAdRel save success !]
[INFO]2017-09-22 16:08:33,0845
[ displayStrategy save success !]
[INFO]2017-09-22 16:08:34,0064
[get AdgListData success !]
[INFO]2017-09-22 16:08:36,0685
[get AdvertisementGroupInfo success !]
[INFO]2017-09-22 16:08:59,0596
[get AdgListData success !]
[INFO]2017-09-22 16:09:05,0596
[get AdgListData success !]
[INFO]2017-09-22 16:09:06,0667
[get AdvertisementGroupInfo success !]
[INFO]2017-09-22 16:09:21,0328
[advertisementGroup update success !]
[INFO]2017-09-22 16:09:21,0338
[epgAdgRel save success !]
[INFO]2017-09-22 16:09:21,0348
[epgAdgRel save success !]
[INFO]2017-09-22 16:09:21,0348
[adgAdRel save success !]
[INFO]2017-09-22 16:09:21,0351
[ displayStrategy save success !]
[INFO]2017-09-22 16:09:21,0570
[get AdgListData success !]
[INFO]2017-09-22 16:09:24,0014
[get AdvertisementGroupInfo success !]
[INFO]2017-09-22 16:11:48,0094
[get displayStrategy success !]
[INFO]2017-09-22 16:13:26,0410
[get AdvertisementGroupInfo success !]
[INFO]2017-09-22 16:13:47,0503
[get PreviewData success !]
[INFO]2017-09-22 16:13:58,0441
[advertisementGroup update success !]
[INFO]2017-09-22 16:13:58,0481
[epgAdgRel save success !]
[INFO]2017-09-22 16:13:58,0505
[epgAdgRel save success !]
[INFO]2017-09-22 16:13:58,0518
[epgAdgRel save success !]
[INFO]2017-09-22 16:13:58,0518
[adgAdRel save success !]
[INFO]2017-09-22 16:13:58,0523
[ displayStrategy save success !]
[INFO]2017-09-22 16:13:58,0824
[get AdgListData success !]
[INFO]2017-09-22 16:14:00,0647
[get AdvertisementGroupInfo success !]
[INFO]2017-09-22 16:21:33,0240
[get AdgListData success !]
[INFO]2017-09-22 16:21:33,0274
[get AdgListData success !]
[INFO]2017-09-22 16:21:33,0275
[get AdgListData success !]
[INFO]2017-09-22 16:21:33,0312
[get AdgListData success !]
[INFO]2017-09-22 16:21:33,0656
[get AdgListData success !]
[INFO]2017-09-22 16:21:53,0936
[get AdvertisementGroupInfo success !]
[INFO]2017-09-22 16:22:29,0116
[get AdgListData success !]
[INFO]2017-09-22 16:22:33,0310
[get AdvertisementGroupInfo success !]
[INFO]2017-09-22 16:22:54,0043
[get AdgListData success !]
[INFO]2017-09-22 16:23:13,0908
[get AdvertisementGroupInfo success !]
[INFO]2017-09-22 16:23:18,0862
[get AdgListData success !]
[INFO]2017-09-22 16:23:28,0135
[get AdvertisementGroupInfo success !]
[INFO]2017-09-22 16:23:37,0952
[advertisementGroup update success !]
[INFO]2017-09-22 16:23:37,0979
[epgAdgRel save success !]
[INFO]2017-09-22 16:23:38,0003
[epgAdgRel save success !]
[INFO]2017-09-22 16:23:38,0014
[epgAdgRel save success !]
[INFO]2017-09-22 16:23:38,0014
[adgAdRel save success !]
[INFO]2017-09-22 16:23:38,0021
[ displayStrategy save success !]
[INFO]2017-09-22 16:23:38,0282
[get AdgListData success !]
[INFO]2017-09-22 16:23:39,0767
[get AdvertisementGroupInfo success !]
[INFO]2017-09-22 16:24:35,0109
[get AdgListData success !]
[INFO]2017-09-22 16:24:36,0103
[get AdvertisementGroupInfo success !]
[INFO]2017-09-22 16:25:07,0711
[advertisementGroup update success !]
[INFO]2017-09-22 16:25:07,0722
[epgAdgRel save success !]
[INFO]2017-09-22 16:25:07,0739
[epgAdgRel save success !]
[INFO]2017-09-22 16:25:07,0752
[epgAdgRel save success !]
[INFO]2017-09-22 16:25:07,0752
[adgAdRel save success !]
[INFO]2017-09-22 16:25:07,0756
[ displayStrategy save success !]
[INFO]2017-09-22 16:25:07,0977
[get AdgListData success !]
[INFO]2017-09-22 16:25:11,0627
[get AdvertisementGroupInfo success !]
[INFO]2017-09-22 16:26:39,0174
[get AdgListData success !]
[INFO]2017-09-22 16:28:00,0460
[get AdvertisementGroupInfo success !]
[INFO]2017-09-22 16:28:51,0312
[advertisementGroup update success !]
[INFO]2017-09-22 16:28:51,0323
[epgAdgRel save success !]
[INFO]2017-09-22 16:28:51,0339
[epgAdgRel save success !]
[INFO]2017-09-22 16:28:51,0348
[epgAdgRel save success !]
[INFO]2017-09-22 16:28:51,0348
[adgAdRel save success !]
[INFO]2017-09-22 16:28:51,0352
[ displayStrategy save success !]
[INFO]2017-09-22 16:28:51,0637
[get AdgListData success !]
[INFO]2017-09-22 16:29:50,0076
[get AdvertisementGroupInfo success !]
[INFO]2017-09-22 16:32:20,0399
[get displayStrategy success !]
[INFO]2017-09-22 16:32:46,0010
[get displayStrategy success !]
[INFO]2017-09-22 16:33:58,0812
[get displayStrategy success !]
[INFO]2017-09-22 16:34:18,0354
[get displayStrategy success !]
[INFO]2017-09-22 16:34:31,0149
[get displayStrategy success !]
[INFO]2017-09-22 16:35:26,0227
[get displayStrategy success !]
[INFO]2017-09-22 16:35:30,0584
[get displayStrategy success !]
[INFO]2017-09-22 16:37:47,0311
[get AdgListData success !]
[INFO]2017-09-22 16:37:51,0712
[get AdvertisementGroupInfo success !]
[INFO]2017-09-22 16:38:21,0251
[advertisementGroup update success !]
[INFO]2017-09-22 16:38:21,0262
[epgAdgRel save success !]
[INFO]2017-09-22 16:38:21,0275
[epgAdgRel save success !]
[INFO]2017-09-22 16:38:21,0287
[epgAdgRel save success !]
[INFO]2017-09-22 16:38:21,0287
[adgAdRel save success !]
[INFO]2017-09-22 16:38:21,0290
[ displayStrategy save success !]
[INFO]2017-09-22 16:38:21,0511
[get AdgListData success !]
[INFO]2017-09-22 16:38:37,0049
[get AdvertisementGroupInfo success !]
[INFO]2017-09-22 16:39:57,0627
[get AdgListData success !]
[INFO]2017-09-22 16:40:02,0423
[get AdgListData success !]
[INFO]2017-09-22 16:40:13,0808
[get AdgListData success !]
[INFO]2017-09-22 16:40:20,0034
[get AdgListData success !]
[INFO]2017-09-22 16:40:22,0809
[get AdgListData success !]
[INFO]2017-09-22 16:40:27,0545
[get AdgListData success !]
[INFO]2017-09-22 16:40:28,0502
[get AdvertisementGroupInfo success !]
[INFO]2017-09-22 16:46:40,0826
[get AdgListData success !]
[INFO]2017-09-22 16:46:43,0161
[get AdvertisementGroupInfo success !]
[INFO]2017-09-22 16:46:49,0788
[get AdgListData success !]
[INFO]2017-09-22 16:46:54,0791
[ displayStrategy connection  delete success !]
[INFO]2017-09-22 16:46:54,0980
[get AdgListData success !]
[INFO]2017-09-22 16:47:33,0411
[advertisementGroup save success !]
[INFO]2017-09-22 16:47:33,0425
[epgAdgRel save success !]
[INFO]2017-09-22 16:47:33,0434
[epgAdgRel save success !]
[INFO]2017-09-22 16:47:33,0434
[adgAdRel save success !]
[INFO]2017-09-22 16:47:33,0439
[ displayStrategy save success !]
[INFO]2017-09-22 16:47:33,0654
[get AdgListData success !]
[INFO]2017-09-22 16:47:35,0423
[get AdvertisementGroupInfo success !]
[INFO]2017-09-22 16:48:36,0014
[get AdgListData success !]
[INFO]2017-09-22 16:48:50,0861
[get AdgListData success !]
[INFO]2017-09-22 16:49:00,0135
[get AdgListData success !]
[INFO]2017-09-22 16:49:11,0929
[get AdgListData success !]
[INFO]2017-09-22 16:50:54,0403
[get AdgListData success !]
[INFO]2017-09-22 16:50:56,0430
[ displayStrategy connection  delete success !]
[INFO]2017-09-22 16:50:56,0651
[get AdgListData success !]
[INFO]2017-09-22 16:51:39,0806
[advertisementGroup save success !]
[INFO]2017-09-22 16:54:37,0884
[epgAdgRel save success !]
[INFO]2017-09-22 16:55:03,0648
[epgAdgRel save success !]
[INFO]2017-09-22 16:55:03,0648
[adgAdRel save success !]
[INFO]2017-09-22 16:55:03,0653
[ displayStrategy save success !]
[INFO]2017-09-22 16:55:06,0987
[get AdgListData success !]
[INFO]2017-09-22 16:56:34,0129
[get AdgListData success !]
[INFO]2017-09-22 16:56:36,0014
[ displayStrategy connection  delete success !]
[INFO]2017-09-22 16:56:36,0200
[get AdgListData success !]
[INFO]2017-09-22 16:57:24,0430
[advertisementGroup save success !]
[INFO]2017-09-22 16:57:27,0657
[epgAdgRel save success !]
[INFO]2017-09-22 16:57:27,0667
[epgAdgRel save success !]
[INFO]2017-09-22 16:57:27,0668
[adgAdRel save success !]
[INFO]2017-09-22 16:57:27,0672
[ displayStrategy save success !]
[INFO]2017-09-22 16:57:27,0884
[get AdgListData success !]
[INFO]2017-09-22 16:57:30,0657
[get AdgListData success !]
[INFO]2017-09-22 16:57:56,0555
[get AdgListData success !]
[INFO]2017-09-22 16:58:00,0763
[get AdgListData success !]
[INFO]2017-09-22 16:58:05,0656
[get AdgListData success !]
[INFO]2017-09-22 16:58:15,0256
[get AdgListData success !]
[INFO]2017-09-22 16:58:52,0434
[get displayStrategy success !]
[INFO]2017-09-22 16:58:54,0371
[get AdgListData success !]
[INFO]2017-09-22 16:59:27,0152
[get AdgListData success !]
[INFO]2017-09-22 16:59:32,0462
[get AdgListData success !]
[INFO]2017-09-22 16:59:34,0849
[get AdgListData success !]
[INFO]2017-09-22 16:59:35,0298
[get AdgListData success !]
[INFO]2017-09-22 16:59:35,0761
[get AdgListData success !]
[INFO]2017-09-22 16:59:36,0147
[get AdgListData success !]
[INFO]2017-09-22 16:59:37,0599
[get AdgListData success !]
[INFO]2017-09-22 17:00:26,0004
[get AdgListData success !]
[INFO]2017-09-22 17:00:36,0041
[get AdgListData success !]
[INFO]2017-09-22 17:00:52,0173
[get AdgListData success !]
[INFO]2017-09-22 17:00:52,0533
[get AdgListData success !]
[INFO]2017-09-22 17:01:36,0224
[get AdgListData success !]
[INFO]2017-09-22 17:01:38,0901
[get AdgListData success !]
[INFO]2017-09-22 17:01:45,0474
[get AdgListData success !]
[INFO]2017-09-22 17:03:32,0876
[get AdgListData success !]
[INFO]2017-09-22 17:03:55,0984
[get AdgListData success !]
[INFO]2017-09-22 17:04:20,0251
[get AdgListData success !]
[INFO]2017-09-22 17:04:44,0064
[get AdgListData success !]
[INFO]2017-09-22 17:04:49,0334
[get AdgListData success !]
[INFO]2017-09-22 17:05:45,0096
[get AdgListData success !]
[INFO]2017-09-22 17:06:30,0016
[get AdgListData success !]
[INFO]2017-09-22 17:06:39,0677
[get AdgListData success !]
[INFO]2017-09-22 17:07:05,0099
[get AdgListData success !]
[INFO]2017-09-22 17:07:10,0270
[get AdgListData success !]
[INFO]2017-09-22 17:08:07,0050
[get AdgListData success !]
[INFO]2017-09-22 17:08:19,0417
[get AdgListData success !]
[INFO]2017-09-22 17:09:20,0567
[get AdgListData success !]
[INFO]2017-09-22 17:09:23,0349
[get AdvertisementGroupInfo success !]
[INFO]2017-09-22 17:09:38,0391
[get AdvertisementGroupInfo success !]
[INFO]2017-09-22 17:09:43,0720
[get AdgListData success !]
[INFO]2017-09-22 17:09:46,0273
[get AdgListData success !]
[INFO]2017-09-22 17:09:47,0663
[get AdvertisementGroupInfo success !]
[INFO]2017-09-22 17:10:08,0302
[get AdgListData success !]
[INFO]2017-09-22 17:10:36,0210
[get AdgListData success !]
[INFO]2017-09-22 17:11:06,0638
[get AdgListData success !]
[INFO]2017-09-22 17:11:09,0725
[get AdgListData success !]
[INFO]2017-09-22 17:11:10,0762
[get AdgListData success !]
[INFO]2017-09-22 17:11:11,0940
[get AdgListData success !]
[INFO]2017-09-22 17:12:12,0159
[get AdgListData success !]
[INFO]2017-09-22 17:12:23,0117
[get AdgListData success !]
[INFO]2017-09-22 17:12:23,0989
[get AdgListData success !]
[INFO]2017-09-22 17:12:24,0366
[get AdgListData success !]
[INFO]2017-09-22 17:12:25,0127
[get AdgListData success !]
[INFO]2017-09-22 17:12:40,0684
[get AdgListData success !]
[INFO]2017-09-22 17:12:42,0252
[get AdgListData success !]
[INFO]2017-09-22 17:13:17,0375
[get AdgListData success !]
[INFO]2017-09-22 17:13:18,0679
[get AdgListData success !]
[INFO]2017-09-22 17:13:21,0994
[get AdgListData success !]
[INFO]2017-09-22 17:13:23,0146
[get AdgListData success !]
[INFO]2017-09-22 17:13:24,0234
[get AdvertisementGroupInfo success !]
[INFO]2017-09-22 17:13:29,0962
[get AdgListData success !]
[INFO]2017-09-22 17:13:50,0386
[get AdgListData success !]
[INFO]2017-09-22 17:13:56,0095
[get AdgListData success !]
[INFO]2017-09-22 17:14:02,0880
[get AdgListData success !]
[INFO]2017-09-22 17:14:07,0752
[get AdgListData success !]
[INFO]2017-09-22 17:14:22,0415
[get AdgListData success !]
[INFO]2017-09-22 17:14:23,0393
[get AdgListData success !]
[INFO]2017-09-22 17:14:24,0782
[get AdgListData success !]
[INFO]2017-09-22 17:14:26,0193
[get AdgListData success !]
[INFO]2017-09-22 17:14:28,0214
[get AdgListData success !]
[INFO]2017-09-22 17:14:29,0223
[get AdgListData success !]
[INFO]2017-09-22 17:14:31,0186
[get AdgListData success !]
[INFO]2017-09-22 17:14:32,0473
[get AdgListData success !]
[INFO]2017-09-22 17:14:33,0194
[get AdgListData success !]
[INFO]2017-09-22 17:14:33,0944
[get AdgListData success !]
[INFO]2017-09-22 17:14:35,0245
[get AdgListData success !]
[INFO]2017-09-22 17:14:36,0702
[get AdgListData success !]
[INFO]2017-09-22 17:14:54,0216
[get AdgListData success !]
[INFO]2017-09-22 17:14:55,0396
[get AdgListData success !]
[INFO]2017-09-22 17:14:56,0323
[get AdgListData success !]
[INFO]2017-09-22 17:16:32,0789
[get AdgListData success !]
[INFO]2017-09-22 17:16:34,0318
[get AdgListData success !]
[INFO]2017-09-22 17:16:35,0596
[get AdgListData success !]
[INFO]2017-09-22 17:16:37,0301
[get AdgListData success !]
[INFO]2017-09-22 17:18:51,0650
[get AdgListData success !]
[INFO]2017-09-22 17:18:54,0319
[get AdgListData success !]
[INFO]2017-09-22 17:18:55,0399
[get AdgListData success !]
[INFO]2017-09-22 17:18:57,0527
[get AdgListData success !]
[INFO]2017-09-22 17:18:58,0852
[get AdgListData success !]
[INFO]2017-09-22 17:20:28,0205
[get AdgListData success !]
[INFO]2017-09-22 17:20:29,0379
[get AdgListData success !]
[INFO]2017-09-22 17:20:30,0279
[get AdgListData success !]
[INFO]2017-09-22 17:21:41,0817
[get AdgListData success !]
[INFO]2017-09-22 17:21:46,0682
[get AdgListData success !]
[INFO]2017-09-22 17:21:48,0185
[get AdgListData success !]
[INFO]2017-09-22 17:21:50,0654
[get AdgListData success !]
[INFO]2017-09-22 17:21:51,0753
[get AdgListData success !]
[INFO]2017-09-22 17:21:52,0377
[get AdgListData success !]
[INFO]2017-09-22 17:21:52,0799
[get AdgListData success !]
[INFO]2017-09-22 17:21:53,0309
[get AdgListData success !]
[INFO]2017-09-22 17:21:55,0888
[get AdgListData success !]
[INFO]2017-09-22 17:21:56,0216
[get AdgListData success !]
[INFO]2017-09-22 17:21:56,0638
[get AdgListData success !]
[INFO]2017-09-22 17:21:57,0013
[get AdgListData success !]
[INFO]2017-09-22 17:21:58,0084
[get AdgListData success !]
[INFO]2017-09-22 17:21:59,0301
[get AdgListData success !]
[INFO]2017-09-22 17:21:59,0722
[get AdgListData success !]
[INFO]2017-09-22 17:22:00,0097
[get AdgListData success !]
[INFO]2017-09-22 17:22:17,0666
[get AdgListData success !]
[INFO]2017-09-22 17:22:18,0662
[get AdgListData success !]
[INFO]2017-09-22 17:22:19,0015
[get AdgListData success !]
[INFO]2017-09-22 17:22:19,0635
[get AdgListData success !]
[INFO]2017-09-22 17:22:19,0962
[get AdgListData success !]
[INFO]2017-09-22 17:22:20,0219
[get AdgListData success !]
[INFO]2017-09-22 17:22:20,0481
[get AdgListData success !]
[INFO]2017-09-22 17:23:30,0890
[get AdgListData success !]
[INFO]2017-09-22 17:23:32,0071
[get AdgListData success !]
[INFO]2017-09-22 17:23:33,0084
[get AdgListData success !]
[INFO]2017-09-22 17:23:35,0933
[get AdgListData success !]
[INFO]2017-09-22 17:23:36,0344
[get AdgListData success !]
[INFO]2017-09-22 17:23:37,0171
[get AdgListData success !]
[INFO]2017-09-22 17:23:38,0379
[get AdgListData success !]
[INFO]2017-09-22 17:23:39,0906
[get AdgListData success !]
[INFO]2017-09-22 17:23:40,0460
[get AdgListData success !]
[INFO]2017-09-22 17:23:41,0365
[get AdgListData success !]
[INFO]2017-09-22 17:23:42,0372
[get AdgListData success !]
[INFO]2017-09-22 17:23:42,0673
[get AdgListData success !]
[INFO]2017-09-22 17:23:43,0276
[get AdgListData success !]
[INFO]2017-09-22 17:23:45,0036
[get AdgListData success !]
[INFO]2017-09-22 17:23:46,0196
[get AdgListData success !]
[INFO]2017-09-22 17:23:47,0628
[get AdgListData success !]
[INFO]2017-09-22 17:23:48,0425
[get AdgListData success !]
[INFO]2017-09-22 17:23:49,0474
[get AdgListData success !]
[INFO]2017-09-22 17:23:51,0435
[get AdgListData success !]
[INFO]2017-09-22 17:23:52,0511
[get AdgListData success !]
[INFO]2017-09-22 17:23:52,0872
[get AdgListData success !]
[INFO]2017-09-22 17:23:53,0265
[get AdgListData success !]
[INFO]2017-09-22 17:23:53,0764
[get AdgListData success !]
[INFO]2017-09-22 17:23:55,0354
[get AdgListData success !]
[INFO]2017-09-22 17:23:55,0898
[get AdgListData success !]
[INFO]2017-09-22 17:23:56,0807
[get AdgListData success !]
[INFO]2017-09-22 17:23:58,0458
[get AdgListData success !]
[INFO]2017-09-22 17:23:58,0967
[get AdgListData success !]
[INFO]2017-09-22 17:23:59,0435
[get AdgListData success !]
[INFO]2017-09-22 17:23:59,0791
[get AdgListData success !]
[INFO]2017-09-22 17:24:06,0234
[get AdvertisementGroupInfo success !]
[INFO]2017-09-22 17:39:21,0525
[get AdgListData success !]
[INFO]2017-09-22 17:43:48,0202
[get AdgListData success !]
[INFO]2017-09-22 17:44:05,0973
[get AdgListData success !]
[INFO]2017-09-22 17:44:22,0694
[get AdgListData success !]
[INFO]2017-09-22 17:44:28,0206
[get AdgListData success !]
[INFO]2017-09-22 17:44:33,0598
[get AdgListData success !]
[INFO]2017-09-22 17:45:08,0328
[get AdgListData success !]
[INFO]2017-09-22 17:45:15,0747
[get AdgListData success !]
[INFO]2017-09-22 17:45:16,0466
[get AdgListData success !]
[INFO]2017-09-22 17:45:23,0284
[get AdgListData success !]
[INFO]2017-09-22 17:45:48,0271
[get AdgListData success !]
[INFO]2017-09-22 18:05:11,0673
[get AdgListData success !]
[INFO]2017-09-22 18:51:15,0946
[upload  Ftp success !]
[INFO]2017-09-22 18:51:16,0004
[advertisement save success !]
[INFO]2017-09-22 18:51:54,0450
[upload  Ftp success !]
[INFO]2017-09-22 18:51:54,0453
[advertisement save success !]
[INFO]2017-09-22 18:53:12,0670
[advertisement update success !]
[INFO]2017-09-22 18:57:10,0656
[upload  Ftp success !]
[INFO]2017-09-22 18:57:10,0659
[advertisement save success !]
[INFO]2017-09-22 18:57:29,0532
[upload  Ftp success !]
[INFO]2017-09-22 18:57:29,0535
[advertisement save success !]
[INFO]2017-09-22 18:58:07,0876
[get AdgListData success !]
[INFO]2017-09-22 18:58:08,0878
[get AdgListData success !]
[INFO]2017-09-22 18:58:09,0398
[get AdgListData success !]
[INFO]2017-09-22 18:58:09,0950
[get AdgListData success !]
[INFO]2017-09-22 18:58:10,0878
[get AdgListData success !]
[INFO]2017-09-22 18:58:11,0253
[get AdgListData success !]
[INFO]2017-09-22 18:58:11,0543
[get AdgListData success !]
[INFO]2017-09-22 18:58:12,0843
[get AdgListData success !]
[INFO]2017-09-22 18:58:13,0249
[get AdgListData success !]
[INFO]2017-09-22 18:58:13,0674
[get AdgListData success !]
[INFO]2017-09-22 18:58:31,0793
[get AdgListData success !]
[INFO]2017-09-22 18:58:47,0128
[get AdgListData success !]
[INFO]2017-09-22 18:59:01,0246
[get AdgListData success !]
[INFO]2017-09-22 18:59:45,0818
[get AdgListData success !]
[INFO]2017-09-22 18:59:47,0572
[get AdgListData success !]
[INFO]2017-09-22 19:00:54,0648
[advertisementGroup save success !]
[INFO]2017-09-22 19:00:54,0669
[epgAdgRel save success !]
[INFO]2017-09-22 19:00:54,0669
[adgAdRel save success !]
[INFO]2017-09-22 19:00:54,0674
[ displayStrategy save success !]
[INFO]2017-09-22 19:00:54,0876
[get AdgListData success !]
[INFO]2017-09-22 19:00:56,0779
[get AdvertisementGroupInfo success !]
[INFO]2017-09-22 19:00:59,0962
[get AdvertisementGroupInfo success !]
[INFO]2017-09-22 19:01:02,0901
[get PreviewData success !]
[INFO]2017-09-22 19:01:44,0339
[evEvgRel save success !]
[INFO]2017-09-22 19:01:49,0088
[get AdgListData success !]
[INFO]2017-09-22 19:01:49,0842
[get AdgListData success !]
[INFO]2017-09-22 19:01:53,0033
[get AdgListData success !]
[INFO]2017-09-22 19:01:53,0355
[get AdgListData success !]
[INFO]2017-09-22 19:01:53,0662
[get AdgListData success !]
[INFO]2017-09-22 19:01:54,0004
[get AdgListData success !]
[INFO]2017-09-22 19:01:54,0323
[get AdgListData success !]
[INFO]2017-09-22 19:01:55,0303
[get AdgListData success !]
[INFO]2017-09-22 19:01:56,0710
[get AdgListData success !]
[INFO]2017-09-22 19:02:17,0591
[advertisementGroup save success !]
[INFO]2017-09-22 19:02:17,0603
[epgAdgRel save success !]
[INFO]2017-09-22 19:02:17,0603
[adgAdRel save success !]
[INFO]2017-09-22 19:02:17,0607
[ displayStrategy save success !]
[INFO]2017-09-22 19:02:17,0785
[get AdgListData success !]
[INFO]2017-09-22 19:02:18,0735
[get AdvertisementGroupInfo success !]
[INFO]2017-09-22 19:02:20,0187
[get PreviewData success !]
[INFO]2017-09-22 19:02:36,0995
[get AdvertisementGroupInfo success !]
[INFO]2017-09-25 09:17:07,0283
[get AdgListData success !]
[INFO]2017-09-25 09:17:21,0403
[get AdgListData success !]
[INFO]2017-09-25 09:17:59,0317
[get AdgListData success !]
[INFO]2017-09-25 09:18:05,0137
[get AdgListData success !]
[INFO]2017-09-25 09:18:05,0540
[get AdgListData success !]
[INFO]2017-09-25 09:18:05,0904
[get AdgListData success !]
[INFO]2017-09-25 09:18:06,0879
[get AdgListData success !]
[INFO]2017-09-25 09:18:07,0222
[get AdgListData success !]
[INFO]2017-09-25 09:18:07,0497
[get AdgListData success !]
[INFO]2017-09-25 09:18:09,0272
[get AdgListData success !]
[INFO]2017-09-25 09:18:09,0679
[get AdgListData success !]
[INFO]2017-09-25 09:18:18,0012
[get AdgListData success !]
[INFO]2017-09-25 09:18:18,0602
[get AdgListData success !]
[INFO]2017-09-25 09:18:19,0006
[get AdgListData success !]
[INFO]2017-09-25 09:18:19,0322
[get AdgListData success !]
[INFO]2017-09-25 09:19:01,0258
[get AdgListData success !]
[INFO]2017-09-25 09:19:30,0731
[get AdgListData success !]
[INFO]2017-09-25 09:19:45,0796
[get AdgListData success !]
[INFO]2017-09-25 09:19:54,0649
[get AdgListData success !]
[INFO]2017-09-25 09:19:59,0659
[get AdgListData success !]
[INFO]2017-09-25 09:20:02,0411
[get AdgListData success !]
[INFO]2017-09-25 09:20:02,0891
[get AdgListData success !]
[INFO]2017-09-25 09:20:03,0211
[get AdgListData success !]
[INFO]2017-09-25 09:20:04,0640
[get AdgListData success !]
[INFO]2017-09-25 09:20:05,0005
[get AdgListData success !]
[INFO]2017-09-25 09:20:05,0264
[get AdgListData success !]
[INFO]2017-09-25 09:20:05,0528
[get AdgListData success !]
[INFO]2017-09-25 09:20:05,0811
[get AdgListData success !]
[INFO]2017-09-25 09:20:41,0931
[get AdgListData success !]
[INFO]2017-09-25 09:20:42,0403
[get AdgListData success !]
[INFO]2017-09-25 09:20:42,0779
[get AdgListData success !]
[INFO]2017-09-25 09:20:43,0069
[get AdgListData success !]
[INFO]2017-09-25 09:20:43,0346
[get AdgListData success !]
[INFO]2017-09-25 09:20:43,0611
[get AdgListData success !]
[INFO]2017-09-25 09:20:56,0384
[get AdgListData success !]
[INFO]2017-09-25 09:21:28,0666
[get AdgListData success !]
[INFO]2017-09-25 09:21:31,0341
[get AdgListData success !]
[INFO]2017-09-25 09:21:31,0638
[get AdgListData success !]
[INFO]2017-09-25 09:21:31,0963
[get AdgListData success !]
[INFO]2017-09-25 09:21:32,0261
[get AdgListData success !]
[INFO]2017-09-25 09:21:32,0525
[get AdgListData success !]
[INFO]2017-09-25 09:21:32,0765
[get AdgListData success !]
[INFO]2017-09-25 09:22:04,0206
[get AdgListData success !]
[INFO]2017-09-25 09:22:17,0417
[get AdgListData success !]
[INFO]2017-09-25 09:22:25,0873
[get AdgListData success !]
[INFO]2017-09-25 09:22:32,0194
[get AdgListData success !]
[INFO]2017-09-25 09:22:40,0411
[get AdgListData success !]
[INFO]2017-09-25 09:22:50,0396
[get AdgListData success !]
[INFO]2017-09-25 09:23:04,0358
[get AdgListData success !]
[INFO]2017-09-25 09:23:08,0068
[get AdgListData success !]
[INFO]2017-09-25 09:23:16,0427
[get AdgListData success !]
[INFO]2017-09-25 09:23:18,0468
[get AdgListData success !]
[INFO]2017-09-25 09:23:21,0172
[get AdgListData success !]
[INFO]2017-09-25 09:23:26,0579
[get AdgListData success !]
[INFO]2017-09-25 09:23:38,0151
[get AdgListData success !]
[INFO]2017-09-25 09:23:38,0398
[get AdgListData success !]
[INFO]2017-09-25 09:23:38,0621
[get AdgListData success !]
[INFO]2017-09-25 09:23:43,0753
[get AdgListData success !]
[INFO]2017-09-25 09:23:44,0054
[get AdgListData success !]
[INFO]2017-09-25 09:23:44,0425
[get AdgListData success !]
[INFO]2017-09-25 09:23:44,0717
[get AdgListData success !]
[INFO]2017-09-25 09:23:45,0044
[get AdgListData success !]
[INFO]2017-09-25 09:23:45,0501
[get AdgListData success !]
[INFO]2017-09-25 09:23:45,0768
[get AdgListData success !]
[INFO]2017-09-25 09:23:46,0043
[get AdgListData success !]
[INFO]2017-09-25 09:23:46,0319
[get AdgListData success !]
[INFO]2017-09-25 09:23:46,0574
[get AdgListData success !]
[INFO]2017-09-25 09:23:46,0806
[get AdgListData success !]
[INFO]2017-09-25 09:35:07,0841
[get AdgListData success !]
[INFO]2017-09-25 09:35:10,0312
[get AdgListData success !]
[INFO]2017-09-25 09:35:11,0334
[get AdgListData success !]
[INFO]2017-09-25 09:35:11,0844
[get AdgListData success !]
[INFO]2017-09-25 09:35:12,0336
[get AdgListData success !]
[INFO]2017-09-25 09:35:12,0956
[get AdgListData success !]
[INFO]2017-09-25 09:35:13,0293
[get AdgListData success !]
[INFO]2017-09-25 09:35:14,0845
[get AdvertisementGroupInfo success !]
[INFO]2017-09-25 09:35:31,0175
[get AdvertisementGroupInfo success !]
[INFO]2017-09-25 09:36:36,0423
[get AdgListData success !]
[INFO]2017-09-25 09:36:38,0240
[get AdgListData success !]
[INFO]2017-09-25 09:36:39,0233
[get AdgListData success !]
[INFO]2017-09-25 09:36:39,0886
[get AdgListData success !]
[INFO]2017-09-25 09:36:40,0606
[get AdgListData success !]
[INFO]2017-09-25 09:36:41,0106
[get AdgListData success !]
[INFO]2017-09-25 09:36:42,0526
[get AdvertisementGroupInfo success !]
[INFO]2017-09-25 09:36:46,0654
[advertisementGroup update success !]
[INFO]2017-09-25 09:36:46,0684
[epgAdgRel save success !]
[INFO]2017-09-25 09:36:46,0685
[adgAdRel save success !]
[INFO]2017-09-25 09:36:46,0690
[ displayStrategy save success !]
[INFO]2017-09-25 09:36:46,0903
[get AdgListData success !]
[INFO]2017-09-25 09:36:48,0242
[get AdvertisementGroupInfo success !]
[INFO]2017-09-25 09:37:21,0842
[advertisement update success !]
[INFO]2017-09-25 09:37:33,0788
[advertisement update success !]
[INFO]2017-09-25 09:37:47,0604
[advertisement update success !]
[INFO]2017-09-25 09:37:53,0553
[advertisement save success !]
[INFO]2017-09-25 10:16:11,0629
[advertisement update success !]
[INFO]2017-09-25 10:46:26,0742
[get AdgListData success !]
[INFO]2017-09-25 11:26:06,0472
[get AdgListData success !]
[INFO]2017-09-25 11:26:11,0540
[get AdgListData success !]
[INFO]2017-09-25 11:26:12,0365
[get AdgListData success !]
[INFO]2017-09-25 11:26:13,0317
[get AdgListData success !]
[INFO]2017-09-25 11:26:13,0580
[get AdgListData success !]
[INFO]2017-09-25 11:26:14,0830
[get AdgListData success !]
[INFO]2017-09-25 11:26:15,0941
[get AdvertisementGroupInfo success !]
[INFO]2017-09-25 11:26:24,0035
[get AdvertisementGroupInfo success !]
[INFO]2017-09-25 11:27:01,0445
[get AdvertisementGroupInfo success !]
[INFO]2017-09-25 11:27:10,0980
[get AdvertisementGroupInfo success !]
[INFO]2017-09-25 11:46:27,0171
[get AdgListData success !]
[INFO]2017-09-25 11:46:28,0586
[get AdgListData success !]
[INFO]2017-09-25 11:46:30,0381
[get AdgListData success !]
[INFO]2017-09-25 11:46:30,0760
[get AdgListData success !]
[INFO]2017-09-25 11:46:31,0054
[get AdgListData success !]
[INFO]2017-09-25 11:46:31,0296
[get AdgListData success !]
[INFO]2017-09-25 11:47:01,0077
[get AdgListData success !]
[INFO]2017-09-25 11:47:02,0255
[get AdgListData success !]
[INFO]2017-09-25 11:47:19,0490
[get AdgListData success !]
[INFO]2017-09-25 11:47:35,0683
[get AdgListData success !]
[INFO]2017-09-25 11:48:24,0809
[get AdgListData success !]
[INFO]2017-09-25 11:48:32,0080
[get AdgListData success !]
[INFO]2017-09-25 11:48:44,0364
[get AdgListData success !]
[INFO]2017-09-25 11:48:46,0092
[get AdgListData success !]
[INFO]2017-09-25 11:48:46,0817
[get AdgListData success !]
[INFO]2017-09-25 11:48:47,0170
[get AdgListData success !]
[INFO]2017-09-25 11:48:47,0463
[get AdgListData success !]
[INFO]2017-09-25 11:48:47,0748
[get AdgListData success !]
[INFO]2017-09-25 11:48:48,0779
[get AdvertisementGroupInfo success !]
[INFO]2017-09-25 11:49:03,0492
[get AdgListData success !]
[INFO]2017-09-25 11:49:19,0650
[get AdgListData success !]
[INFO]2017-09-25 11:49:26,0300
[get AdgListData success !]
[INFO]2017-09-25 11:49:38,0061
[get AdgListData success !]
[INFO]2017-09-25 11:50:43,0794
[get AdgListData success !]
[INFO]2017-09-25 11:50:52,0800
[get AdgListData success !]
[INFO]2017-09-25 11:51:01,0824
[get AdgListData success !]
[INFO]2017-09-25 11:51:08,0319
[get AdgListData success !]
[INFO]2017-09-25 11:51:14,0789
[get AdgListData success !]
[INFO]2017-09-25 11:51:20,0526
[get AdgListData success !]
[INFO]2017-09-25 11:51:44,0169
[get AdgListData success !]
[INFO]2017-09-25 11:52:50,0367
[get AdgListData success !]
[INFO]2017-09-25 11:53:02,0520
[get AdgListData success !]
[INFO]2017-09-25 11:53:02,0821
[get AdgListData success !]
[INFO]2017-09-25 11:53:03,0895
[get AdgListData success !]
[INFO]2017-09-25 11:53:04,0340
[get AdgListData success !]
[INFO]2017-09-25 11:53:04,0803
[get AdgListData success !]
[INFO]2017-09-25 11:53:05,0200
[get AdgListData success !]
[INFO]2017-09-25 11:53:05,0488
[get AdgListData success !]
[INFO]2017-09-25 11:53:06,0516
[get AdvertisementGroupInfo success !]
[INFO]2017-09-25 11:54:29,0104
[get AdgListData success !]
[INFO]2017-09-25 11:54:38,0926
[get AdgListData success !]
[INFO]2017-09-25 11:54:45,0968
[get AdgListData success !]
[INFO]2017-09-25 11:54:47,0697
[get AdgListData success !]
[INFO]2017-09-25 11:54:53,0185
[get AdgListData success !]
[INFO]2017-09-25 11:55:03,0795
[get AdgListData success !]
[INFO]2017-09-25 11:55:05,0887
[get AdgListData success !]
[INFO]2017-09-25 11:55:07,0673
[get AdgListData success !]
[INFO]2017-09-25 11:55:08,0774
[get AdgListData success !]
[INFO]2017-09-25 11:55:09,0188
[get AdgListData success !]
[INFO]2017-09-25 11:55:09,0496
[get AdgListData success !]
[INFO]2017-09-25 11:55:09,0767
[get AdgListData success !]
[INFO]2017-09-25 11:55:12,0320
[get AdvertisementGroupInfo success !]
[INFO]2017-09-25 11:55:21,0589
[get AdvertisementGroupInfo success !]
[INFO]2017-09-25 11:56:04,0190
[get AdgListData success !]
[INFO]2017-09-25 11:56:10,0429
[get AdgListData success !]
[INFO]2017-09-25 11:56:10,0789
[get AdgListData success !]
[INFO]2017-09-25 11:56:11,0072
[get AdgListData success !]
[INFO]2017-09-25 11:56:11,0403
[get AdgListData success !]
[INFO]2017-09-25 11:56:12,0218
[get AdvertisementGroupInfo success !]
[INFO]2017-09-25 11:56:13,0303
[get PreviewData success !]
[INFO]2017-09-25 11:56:44,0940
[get AdgListData success !]
[INFO]2017-09-25 11:56:48,0814
[get AdgListData success !]
[INFO]2017-09-25 11:56:54,0387
[get AdgListData success !]
[INFO]2017-09-25 11:56:55,0215
[get AdgListData success !]
[INFO]2017-09-25 11:56:56,0126
[get AdgListData success !]
[INFO]2017-09-25 11:56:57,0147
[get AdgListData success !]
[INFO]2017-09-25 11:56:57,0906
[get AdgListData success !]
[INFO]2017-09-25 11:56:58,0307
[get AdgListData success !]
[INFO]2017-09-25 11:56:59,0127
[get AdgListData success !]
[INFO]2017-09-25 11:56:59,0765
[get AdgListData success !]
[INFO]2017-09-25 11:57:00,0956
[get AdgListData success !]
[INFO]2017-09-25 11:57:03,0422
[get AdgListData success !]
[INFO]2017-09-25 11:57:03,0812
[get AdgListData success !]
[INFO]2017-09-25 11:57:04,0460
[get AdgListData success !]
[INFO]2017-09-25 11:57:05,0047
[get AdgListData success !]
[INFO]2017-09-25 11:57:05,0365
[get AdgListData success !]
[INFO]2017-09-25 11:57:07,0298
[get AdgListData success !]
[INFO]2017-09-25 11:57:07,0885
[get AdgListData success !]
[INFO]2017-09-25 11:57:16,0935
[get AdgListData success !]
[INFO]2017-09-25 11:57:18,0475
[get AdgListData success !]
[INFO]2017-09-25 11:57:19,0124
[get AdgListData success !]
[INFO]2017-09-25 11:57:19,0712
[get AdgListData success !]
[INFO]2017-09-25 11:58:20,0120
[get AdvertisementGroupInfo success !]
[INFO]2017-09-25 11:58:44,0740
[get AdgListData success !]
[INFO]2017-09-25 11:58:49,0142
[get AdgListData success !]
[INFO]2017-09-25 11:58:50,0597
[get AdgListData success !]
[INFO]2017-09-25 11:58:50,0952
[get AdgListData success !]
[INFO]2017-09-25 11:58:51,0220
[get AdgListData success !]
[INFO]2017-09-25 11:58:51,0849
[get AdgListData success !]
[INFO]2017-09-25 11:58:53,0395
[get AdvertisementGroupInfo success !]
[INFO]2017-09-25 11:59:10,0733
[get AdgListData success !]
[INFO]2017-09-25 11:59:26,0104
[get AdgListData success !]
[INFO]2017-09-25 11:59:33,0014
[get AdgListData success !]
[INFO]2017-09-25 11:59:36,0941
[get AdgListData success !]
[INFO]2017-09-25 11:59:41,0985
[get AdgListData success !]
[INFO]2017-09-25 11:59:50,0460
[get AdgListData success !]
[INFO]2017-09-25 11:59:55,0491
[get AdgListData success !]
[INFO]2017-09-25 11:59:56,0830
[get AdgListData success !]
[INFO]2017-09-25 12:53:57,0229
[get AdgListData success !]
[INFO]2017-09-25 13:32:57,0660
[get AdgListData success !]
[INFO]2017-09-25 13:32:58,0243
[get AdgListData success !]
[INFO]2017-09-25 13:32:58,0776
[get AdgListData success !]
[INFO]2017-09-25 13:32:59,0064
[get AdgListData success !]
[INFO]2017-09-25 13:32:59,0357
[get AdgListData success !]
[INFO]2017-09-25 13:32:59,0597
[get AdgListData success !]
[INFO]2017-09-25 13:32:59,0811
[get AdgListData success !]
[INFO]2017-09-25 13:33:00,0050
[get AdgListData success !]
[INFO]2017-09-25 13:33:18,0551
[get AdgListData success !]
[INFO]2017-09-25 13:33:18,0868
[get AdgListData success !]
[INFO]2017-09-25 13:33:19,0117
[get AdgListData success !]
[INFO]2017-09-25 13:33:19,0384
[get AdgListData success !]
[INFO]2017-09-25 13:33:20,0698
[get AdvertisementGroupInfo success !]
[INFO]2017-09-25 13:34:17,0171
[get AdgListData success !]
[INFO]2017-09-25 13:48:39,0023
[get AdgListData success !]
[INFO]2017-09-25 13:48:40,0202
[get AdgListData success !]
[INFO]2017-09-25 13:48:40,0847
[get AdgListData success !]
[INFO]2017-09-25 13:48:41,0350
[get AdgListData success !]
[INFO]2017-09-25 13:48:42,0950
[get AdgListData success !]
[INFO]2017-09-25 13:48:43,0949
[get AdgListData success !]
[INFO]2017-09-25 13:48:44,0617
[get AdgListData success !]
[INFO]2017-09-25 13:48:46,0305
[get AdvertisementGroupInfo success !]
[INFO]2017-09-25 13:49:53,0117
[get AdvertisementGroupInfo success !]
[INFO]2017-09-25 13:54:12,0262
[get AdgListData success !]
[INFO]2017-09-25 13:54:14,0471
[get AdgListData success !]
[INFO]2017-09-25 13:54:18,0981
[get AdgListData success !]
[INFO]2017-09-25 13:54:21,0115
[get AdgListData success !]
[INFO]2017-09-25 13:54:22,0921
[get AdvertisementGroupInfo success !]
[INFO]2017-09-25 13:55:58,0736
[get AdgListData success !]
[INFO]2017-09-25 13:56:19,0499
[get AdgListData success !]
[INFO]2017-09-25 13:56:22,0319
[get AdgListData success !]
[INFO]2017-09-25 13:56:23,0471
[get AdgListData success !]
[INFO]2017-09-25 13:56:25,0134
[get AdvertisementGroupInfo success !]
[INFO]2017-09-25 13:57:05,0428
[get AdgListData success !]
[INFO]2017-09-25 13:57:06,0528
[get AdgListData success !]
[INFO]2017-09-25 13:57:07,0589
[get AdvertisementGroupInfo success !]
[INFO]2017-09-25 13:57:58,0837
[get AdgListData success !]
[INFO]2017-09-25 13:58:12,0449
[get AdgListData success !]
[INFO]2017-09-25 13:58:27,0085
[get AdgListData success !]
[INFO]2017-09-25 13:59:01,0212
[get AdgListData success !]
[INFO]2017-09-25 13:59:01,0561
[get AdgListData success !]
[INFO]2017-09-25 13:59:01,0946
[get AdgListData success !]
[INFO]2017-09-25 13:59:02,0254
[get AdgListData success !]
[INFO]2017-09-25 13:59:03,0221
[get AdgListData success !]
[INFO]2017-09-25 13:59:03,0501
[get AdgListData success !]
[INFO]2017-09-25 13:59:03,0737
[get AdgListData success !]
[INFO]2017-09-25 13:59:04,0015
[get AdgListData success !]
[INFO]2017-09-25 13:59:04,0288
[get AdgListData success !]
[INFO]2017-09-25 13:59:51,0480
[get AdgListData success !]
[INFO]2017-09-25 14:00:31,0653
[get AdgListData success !]
[INFO]2017-09-25 14:00:38,0315
[get AdgListData success !]
[INFO]2017-09-25 14:00:48,0087
[get AdgListData success !]
[INFO]2017-09-25 14:00:50,0122
[get AdgListData success !]
[INFO]2017-09-25 14:00:51,0644
[get AdgListData success !]
[INFO]2017-09-25 14:00:57,0305
[get AdgListData success !]
[INFO]2017-09-25 14:00:59,0074
[get AdgListData success !]
[INFO]2017-09-25 14:01:25,0346
[get AdgListData success !]
[INFO]2017-09-25 14:01:26,0345
[get AdgListData success !]
[INFO]2017-09-25 14:01:27,0866
[get AdvertisementGroupInfo success !]
[INFO]2017-09-25 14:01:42,0640
[get AdgListData success !]
[INFO]2017-09-25 14:01:57,0286
[get AdgListData success !]
[INFO]2017-09-25 14:02:15,0355
[get AdgListData success !]
[INFO]2017-09-25 14:02:18,0502
[get AdgListData success !]
[INFO]2017-09-25 14:02:21,0995
[get AdgListData success !]
[INFO]2017-09-25 14:02:57,0175
[get AdgListData success !]
[INFO]2017-09-25 14:03:01,0365
[get AdgListData success !]
[INFO]2017-09-25 14:03:02,0468
[get AdgListData success !]
[INFO]2017-09-25 14:03:03,0477
[get AdvertisementGroupInfo success !]
[INFO]2017-09-25 14:03:27,0166
[get AdgListData success !]
[INFO]2017-09-25 14:03:31,0698
[get AdgListData success !]
[INFO]2017-09-25 14:03:33,0739
[get AdgListData success !]
[INFO]2017-09-25 14:03:35,0316
[get AdgListData success !]
[INFO]2017-09-25 14:03:35,0978
[get AdvertisementGroupInfo success !]
[INFO]2017-09-25 14:04:27,0690
[get AdgListData success !]
[INFO]2017-09-25 14:04:28,0927
[get AdgListData success !]
[INFO]2017-09-25 14:04:31,0512
[get AdgListData success !]
[INFO]2017-09-25 14:04:32,0931
[get AdgListData success !]
[INFO]2017-09-25 14:04:33,0747
[get AdvertisementGroupInfo success !]
[INFO]2017-09-25 14:05:12,0716
[get AdgListData success !]
[INFO]2017-09-25 14:05:15,0015
[get AdgListData success !]
[INFO]2017-09-25 14:05:16,0685
[get AdvertisementGroupInfo success !]
[INFO]2017-09-25 14:05:40,0817
[get AdgListData success !]
[INFO]2017-09-25 14:05:46,0931
[get AdgListData success !]
[INFO]2017-09-25 14:05:57,0623
[get AdgListData success !]
[INFO]2017-09-25 14:05:58,0471
[get AdvertisementGroupInfo success !]
[INFO]2017-09-25 14:06:01,0704
[get AdvertisementGroupInfo success !]
[INFO]2017-09-25 14:06:55,0924
[get AdgListData success !]
[INFO]2017-09-25 14:06:57,0902
[get AdgListData success !]
[INFO]2017-09-25 14:06:58,0851
[get AdvertisementGroupInfo success !]
[INFO]2017-09-25 14:08:06,0337
[get AdgListData success !]
[INFO]2017-09-25 14:08:23,0560
[get AdgListData success !]
[INFO]2017-09-25 14:08:28,0875
[get AdgListData success !]
[INFO]2017-09-25 14:08:35,0337
[get AdgListData success !]
[INFO]2017-09-25 14:08:36,0775
[get AdgListData success !]
[INFO]2017-09-25 14:08:37,0711
[get AdvertisementGroupInfo success !]
[INFO]2017-09-25 14:08:51,0576
[get AdgListData success !]
[INFO]2017-09-25 14:08:53,0653
[get AdgListData success !]
[INFO]2017-09-25 14:08:55,0946
[get AdgListData success !]
[INFO]2017-09-25 14:08:57,0018
[get AdgListData success !]
[INFO]2017-09-25 14:08:58,0233
[get AdvertisementGroupInfo success !]
[INFO]2017-09-25 14:09:12,0546
[advertisementGroup update success !]
[INFO]2017-09-25 14:09:12,0562
[epgAdgRel save success !]
[INFO]2017-09-25 14:09:12,0562
[adgAdRel save success !]
[INFO]2017-09-25 14:09:12,0567
[ displayStrategy save success !]
[INFO]2017-09-25 14:09:12,0788
[get AdgListData success !]
[INFO]2017-09-25 14:09:14,0474
[get AdvertisementGroupInfo success !]
[INFO]2017-09-25 14:09:19,0512
[advertisementGroup update success !]
[INFO]2017-09-25 14:09:19,0536
[epgAdgRel save success !]
[INFO]2017-09-25 14:09:19,0536
[adgAdRel save success !]
[INFO]2017-09-25 14:09:19,0539
[ displayStrategy save success !]
[INFO]2017-09-25 14:09:19,0735
[get AdgListData success !]
[INFO]2017-09-25 14:09:20,0671
[get AdvertisementGroupInfo success !]
[INFO]2017-09-25 14:09:30,0902
[advertisementGroup update success !]
[INFO]2017-09-25 14:09:30,0913
[epgAdgRel save success !]
[INFO]2017-09-25 14:09:30,0913
[adgAdRel save success !]
[INFO]2017-09-25 14:09:30,0916
[ displayStrategy save success !]
[INFO]2017-09-25 14:09:31,0129
[get AdgListData success !]
[INFO]2017-09-25 14:09:32,0077
[get AdvertisementGroupInfo success !]
[INFO]2017-09-25 14:09:35,0318
[advertisementGroup update success !]
[INFO]2017-09-25 14:09:35,0335
[epgAdgRel save success !]
[INFO]2017-09-25 14:09:35,0336
[adgAdRel save success !]
[INFO]2017-09-25 14:09:35,0339
[ displayStrategy save success !]
[INFO]2017-09-25 14:09:35,0513
[get AdgListData success !]
[INFO]2017-09-25 14:09:36,0494
[get AdvertisementGroupInfo success !]
[INFO]2017-09-25 14:09:38,0893
[advertisementGroup update success !]
[INFO]2017-09-25 14:09:38,0904
[epgAdgRel save success !]
[INFO]2017-09-25 14:09:38,0904
[adgAdRel save success !]
[INFO]2017-09-25 14:09:38,0907
[ displayStrategy save success !]
[INFO]2017-09-25 14:09:39,0102
[get AdgListData success !]
[INFO]2017-09-25 14:09:40,0028
[get AdvertisementGroupInfo success !]
[INFO]2017-09-25 14:09:42,0825
[advertisementGroup update success !]
[INFO]2017-09-25 14:09:42,0835
[epgAdgRel save success !]
[INFO]2017-09-25 14:09:42,0836
[adgAdRel save success !]
[INFO]2017-09-25 14:09:42,0838
[ displayStrategy save success !]
[INFO]2017-09-25 14:09:43,0011
[get AdgListData success !]
[INFO]2017-09-25 14:09:49,0084
[get AdvertisementGroupInfo success !]
[INFO]2017-09-25 14:10:39,0033
[get AdgListData success !]
[INFO]2017-09-25 14:11:05,0093
[get AdgListData success !]
[INFO]2017-09-25 14:12:04,0875
[get AdgListData success !]
[INFO]2017-09-25 14:13:21,0579
[get AdgListData success !]
[INFO]2017-09-25 14:13:22,0789
[get AdvertisementGroupInfo success !]
[INFO]2017-09-25 14:14:06,0036
[get PreviewData success !]
[INFO]2017-09-25 14:14:52,0967
[get AdvertisementGroupInfo success !]
[INFO]2017-09-25 14:15:50,0775
[get AdvertisementGroupInfo success !]
[INFO]2017-09-25 14:15:58,0179
[get PreviewData success !]
[INFO]2017-09-25 14:16:10,0762
[get AdvertisementGroupInfo success !]
[INFO]2017-09-25 14:16:39,0575
[get AdvertisementGroupInfo success !]
[INFO]2017-09-25 14:16:41,0852
[get AdvertisementGroupInfo success !]
[INFO]2017-09-25 14:17:29,0729
[get AdgListData success !]
[INFO]2017-09-25 14:17:48,0501
[get AdgListData success !]
[INFO]2017-09-25 14:17:50,0818
[get AdgListData success !]
[INFO]2017-09-25 14:18:09,0132
[get AdgListData success !]
[INFO]2017-09-25 14:18:22,0536
[get AdgListData success !]
[INFO]2017-09-25 14:18:27,0983
[get AdgListData success !]
[INFO]2017-09-25 14:18:30,0598
[get AdgListData success !]
[INFO]2017-09-25 14:18:35,0527
[get AdgListData success !]
[INFO]2017-09-25 14:18:41,0904
[get AdgListData success !]
[INFO]2017-09-25 14:18:45,0803
[get AdgListData success !]
[INFO]2017-09-25 14:18:48,0646
[get AdgListData success !]
[INFO]2017-09-25 14:18:51,0556
[get AdgListData success !]
[INFO]2017-09-25 14:18:55,0113
[get AdgListData success !]
[INFO]2017-09-25 14:19:05,0161
[get AdgListData success !]
[INFO]2017-09-25 14:19:13,0300
[get AdgListData success !]
[INFO]2017-09-25 14:19:16,0981
[get AdgListData success !]
[INFO]2017-09-25 14:19:22,0834
[get AdgListData success !]
[INFO]2017-09-25 14:19:27,0915
[get AdgListData success !]
[INFO]2017-09-25 14:19:38,0793
[get AdgListData success !]
[INFO]2017-09-25 14:19:45,0227
[get AdgListData success !]
[INFO]2017-09-25 14:19:46,0823
[get AdgListData success !]
[INFO]2017-09-25 14:19:47,0802
[get AdvertisementGroupInfo success !]
[INFO]2017-09-25 14:19:54,0023
[get PreviewData success !]
[INFO]2017-09-25 14:20:41,0193
[get AdgListData success !]
[INFO]2017-09-25 14:20:43,0858
[get AdgListData success !]
[INFO]2017-09-25 14:20:45,0115
[get AdvertisementGroupInfo success !]
[INFO]2017-09-25 14:21:06,0838
[get PreviewData success !]
[INFO]2017-09-25 14:22:32,0040
[get AdgListData success !]
[INFO]2017-09-25 14:22:34,0238
[get AdgListData success !]
[INFO]2017-09-25 14:22:35,0213
[get AdvertisementGroupInfo success !]
[INFO]2017-09-25 14:22:37,0385
[get PreviewData success !]
[INFO]2017-09-25 14:22:56,0062
[get AdvertisementGroupInfo success !]
[INFO]2017-09-25 14:22:58,0964
[get PreviewData success !]
[INFO]2017-09-25 14:56:21,0932
[get AdgListData success !]
[INFO]2017-09-25 14:56:43,0580
[advertisementGroup save success !]
[INFO]2017-09-25 14:56:43,0596
[epgAdgRel save success !]
[INFO]2017-09-25 14:56:43,0596
[adgAdRel save success !]
[INFO]2017-09-25 14:56:43,0602
[ displayStrategy save success !]
[INFO]2017-09-25 14:56:43,0857
[get AdgListData success !]
[INFO]2017-09-25 14:56:53,0218
[get AdgListData success !]
[INFO]2017-09-25 14:56:54,0494
[get AdgListData success !]
[INFO]2017-09-25 14:56:54,0969
[get AdgListData success !]
[INFO]2017-09-25 14:56:55,0413
[get AdgListData success !]
[INFO]2017-09-25 14:56:56,0244
[get AdgListData success !]
[INFO]2017-09-25 14:56:56,0464
[get AdgListData success !]
[INFO]2017-09-25 14:56:57,0371
[get AdvertisementGroupInfo success !]
[INFO]2017-09-25 14:57:01,0983
[get PreviewData success !]
[INFO]2017-09-25 15:55:54,0001
[evEvgRel save success !]
[INFO]2017-09-25 15:56:01,0812
[evEvgRel save success !]
[INFO]2017-09-25 15:56:16,0700
[evEvgRel save success !]
[INFO]2017-09-25 15:56:42,0259
[evEvgRel save success !]
[INFO]2017-09-25 15:56:52,0167
[evEvgRel save success !]
[INFO]2017-09-25 15:58:55,0439
[evEvgRel save success !]
[INFO]2017-09-25 15:59:34,0544
[evEvgRel save success !]
[INFO]2017-09-25 16:02:24,0097
[get AdgListData success !]
[INFO]2017-09-25 16:02:25,0675
[get AdgListData success !]
[INFO]2017-09-25 16:02:26,0796
[get AdgListData success !]
[INFO]2017-09-25 16:02:27,0450
[get AdgListData success !]
[INFO]2017-09-25 16:06:20,0862
[get AdgListData success !]
[INFO]2017-09-25 16:09:20,0724
[advertisement save success !]
[INFO]2017-09-25 16:09:24,0959
[advertisement update success !]
[INFO]2017-09-25 16:09:28,0686
[advertisement update success !]
[INFO]2017-09-25 16:09:31,0248
[get AdgListData success !]
[INFO]2017-09-25 16:09:52,0953
[get AdgListData success !]
[INFO]2017-09-25 16:10:59,0600
[advertisementGroup save success !]
[INFO]2017-09-25 16:10:59,0732
[get AdgListData success !]
[INFO]2017-09-25 16:12:17,0191
[advertisementGroup save success !]
[INFO]2017-09-25 16:12:17,0213
[epgAdgRel save success !]
[INFO]2017-09-25 16:12:17,0213
[adgAdRel save success !]
[INFO]2017-09-25 16:12:17,0221
[ displayStrategy save success !]
[INFO]2017-09-25 16:12:17,0474
[get AdgListData success !]
[INFO]2017-09-25 16:12:18,0896
[get AdvertisementGroupInfo success !]
[INFO]2017-09-25 16:12:23,0303
[get PreviewData success !]
[INFO]2017-09-25 16:12:27,0014
[get PreviewData success !]
[INFO]2017-09-25 16:12:46,0616
[deleteEvEvgRel delete success !]
[INFO]2017-09-25 16:12:51,0351
[get AdgListData success !]
[INFO]2017-09-25 16:12:52,0598
[get AdvertisementGroupInfo success !]
[INFO]2017-09-25 16:22:20,0730
[advertisement update success !]
[INFO]2017-09-25 16:27:04,0431
[get AdgListData success !]
[INFO]2017-09-25 17:11:36,0760
[get AdgListData success !]
[INFO]2017-09-25 17:11:45,0382
[get AdgListData success !]
[INFO]2017-09-25 17:11:56,0010
[get AdgListData success !]
[INFO]2017-09-25 17:11:59,0234
[get AdgListData success !]
[INFO]2017-09-25 17:12:02,0827
[get AdgListData success !]
[INFO]2017-09-25 17:12:07,0524
[get AdgListData success !]
[INFO]2017-09-25 17:12:27,0961
[get AdgListData success !]
[INFO]2017-09-25 17:13:19,0180
[get AdgListData success !]
[INFO]2017-09-25 17:13:27,0677
[get AdgListData success !]
[INFO]2017-09-25 17:13:33,0746
[get AdgListData success !]
[INFO]2017-09-25 17:15:09,0217
[get AdgListData success !]
[INFO]2017-09-25 17:15:46,0838
[get AdgListData success !]
[INFO]2017-09-25 17:15:46,0991
[get AdgListData success !]
[INFO]2017-09-25 17:15:47,0835
[get AdgListData success !]
[INFO]2017-09-25 17:15:51,0047
[get AdgListData success !]
[INFO]2017-09-25 17:16:00,0734
[get AdgListData success !]
[INFO]2017-09-25 17:16:15,0650
[get AdgListData success !]
[INFO]2017-09-25 17:16:44,0130
[get AdgListData success !]
[INFO]2017-09-25 17:17:00,0788
[get AdgListData success !]
[INFO]2017-09-25 17:17:06,0434
[get AdgListData success !]
[INFO]2017-09-25 17:17:10,0557
[get AdgListData success !]
[INFO]2017-09-25 17:17:17,0392
[get AdgListData success !]
[INFO]2017-09-25 17:17:23,0656
[get AdgListData success !]
[INFO]2017-09-25 17:17:35,0467
[get AdgListData success !]
[INFO]2017-09-25 17:17:58,0522
[get AdgListData success !]
[INFO]2017-09-25 17:18:33,0618
[get AdgListData success !]
[INFO]2017-09-25 17:18:38,0101
[get AdgListData success !]
[INFO]2017-09-25 17:18:59,0982
[get AdgListData success !]
[INFO]2017-09-25 17:19:17,0715
[get AdgListData success !]
[INFO]2017-09-25 17:19:20,0812
[get AdgListData success !]
[INFO]2017-09-25 17:19:23,0721
[get AdgListData success !]
[INFO]2017-09-25 17:19:27,0286
[get AdgListData success !]
[INFO]2017-09-25 17:19:44,0419
[get AdgListData success !]
[INFO]2017-09-25 17:20:48,0402
[get AdgListData success !]
[INFO]2017-09-25 17:25:18,0459
[evEvgRel delete success !]
[INFO]2017-09-25 17:25:55,0450
[evEvgRel save success !]
[INFO]2017-09-25 17:26:34,0398
[upload  Ftp success !]
[INFO]2017-09-25 17:26:34,0418
[advertisement save success !]
[INFO]2017-09-25 17:27:57,0277
[upload  Ftp success !]
[INFO]2017-09-25 17:27:57,0282
[advertisement save success !]
[INFO]2017-09-25 17:28:34,0646
[get AdgListData success !]
[INFO]2017-09-25 17:28:35,0662
[get AdgListData success !]
[INFO]2017-09-25 17:29:16,0955
[advertisementGroup save success !]
[INFO]2017-09-25 17:29:16,0977
[epgAdgRel save success !]
[INFO]2017-09-25 17:29:16,0977
[adgAdRel save success !]
[INFO]2017-09-25 17:29:16,0983
[ displayStrategy save success !]
[INFO]2017-09-25 17:29:17,0272
[get AdgListData success !]
[INFO]2017-09-25 17:29:19,0008
[get AdvertisementGroupInfo success !]
[INFO]2017-09-25 17:29:25,0575
[get PreviewData success !]
[INFO]2017-09-25 17:30:33,0707
[get AdgListData success !]
[INFO]2017-09-25 17:30:35,0379
[get AdvertisementGroupInfo success !]
[INFO]2017-09-25 17:31:44,0802
[get AdgListData success !]
[INFO]2017-09-25 17:32:17,0972
[get AdgListData success !]
[INFO]2017-09-25 17:33:05,0317
[get AdgListData success !]
[INFO]2017-09-25 17:43:03,0701
[get AdgListData success !]
[INFO]2017-09-25 17:43:04,0840
[get AdgListData success !]
[INFO]2017-09-25 17:43:28,0050
[advertisementGroup save success !]
[INFO]2017-09-25 17:43:28,0060
[epgAdgRel save success !]
[INFO]2017-09-25 17:43:28,0061
[adgAdRel save success !]
[INFO]2017-09-25 17:43:28,0064
[ displayStrategy save success !]
[INFO]2017-09-25 17:43:28,0237
[get AdgListData success !]
[INFO]2017-09-25 17:43:29,0844
[get AdvertisementGroupInfo success !]
[INFO]2017-09-25 17:43:31,0791
[get PreviewData success !]
[INFO]2017-09-25 17:44:55,0038
[get AdgListData success !]
[INFO]2017-09-25 17:48:43,0584
[upload  Ftp success !]
[INFO]2017-09-25 17:48:43,0586
[advertisement save success !]
[INFO]2017-09-25 17:53:55,0765
[get AdgListData success !]
[INFO]2017-09-25 17:56:12,0552
[upload  Ftp success !]
[INFO]2017-09-25 17:56:12,0557
[advertisement save success !]
[INFO]2017-09-25 17:56:30,0141
[evEvgRel save success !]
[INFO]2017-09-25 17:56:47,0916
[upload  Ftp success !]
[INFO]2017-09-25 17:56:47,0919
[advertisement save success !]
[INFO]2017-09-25 17:57:35,0428
[get AdgListData success !]
[INFO]2017-09-25 17:57:36,0241
[get AdgListData success !]
[INFO]2017-09-25 17:58:20,0538
[advertisementGroup save success !]
[INFO]2017-09-25 17:58:20,0555
[epgAdgRel save success !]
[INFO]2017-09-25 17:58:20,0555
[adgAdRel save success !]
[INFO]2017-09-25 17:58:20,0561
[ displayStrategy save success !]
[INFO]2017-09-25 17:58:20,0819
[get AdgListData success !]
[INFO]2017-09-25 17:58:22,0146
[get AdvertisementGroupInfo success !]
[INFO]2017-09-25 17:58:25,0546
[get PreviewData success !]
[INFO]2017-09-25 17:58:55,0891
[upload  Ftp success !]
[INFO]2017-09-25 17:58:55,0894
[advertisement save success !]
[INFO]2017-09-29 17:31:13,0550
[evEvgRel save success !]
[INFO]2017-09-29 17:42:13,0414
[get AdgListData success !]
[INFO]2017-09-29 17:42:15,0533
[get AdgListData success !]
[INFO]2017-09-29 17:42:33,0155
[get AdgListData success !]
[INFO]2017-09-29 17:59:58,0465
[evEvgRel save success !]
[INFO]2017-09-29 18:00:13,0654
[evEvgRel save success !]
[INFO]2017-09-29 18:00:29,0673
[get AdgListData success !]
[INFO]2017-09-29 18:00:48,0945
[get AdgListData success !]
[INFO]2017-09-29 18:02:15,0026
[advertisementGroup save success !]
[INFO]2017-09-29 18:02:15,0043
[epgAdgRel save success !]
[INFO]2017-09-29 18:02:15,0043
[adgAdRel save success !]
[INFO]2017-09-29 18:02:15,0049
[ displayStrategy save success !]
[INFO]2017-09-29 18:02:15,0268
[get AdgListData success !]
[INFO]2017-09-29 18:02:17,0412
[get AdvertisementGroupInfo success !]
[INFO]2017-09-29 18:17:46,0425
[get AdvertisementGroupInfo success !]
[INFO]2017-09-29 18:17:56,0810
[advertisementGroup update success !]
[INFO]2017-09-29 18:17:56,0825
[epgAdgRel save success !]
[INFO]2017-09-29 18:17:56,0825
[adgAdRel save success !]
[INFO]2017-09-29 18:17:56,0829
[ displayStrategy save success !]
[INFO]2017-09-29 18:17:57,0095
[get AdgListData success !]
[INFO]2017-09-29 18:18:33,0721
[get AdvertisementGroupInfo success !]
[INFO]2017-09-29 18:18:34,0637
[advertisementGroup update success !]
[INFO]2017-09-29 18:18:34,0648
[epgAdgRel save success !]
[INFO]2017-09-29 18:18:34,0648
[adgAdRel save success !]
[INFO]2017-09-29 18:18:34,0651
[ displayStrategy save success !]
[INFO]2017-09-29 18:18:34,0840
[get AdgListData success !]
[INFO]2017-09-29 18:18:45,0524
[get AdvertisementGroupInfo success !]
[INFO]2017-09-30 09:36:26,0083
[evEvgRel save success !]
[INFO]2017-09-30 09:37:47,0427
[evEvgRel save success !]
[INFO]2017-09-30 09:49:21,0498
[DownLoad ./tmp/201709300949252965.zip fail !]
[INFO]2017-09-30 09:52:58,0869
[upload  Ftp success !]
[INFO]2017-09-30 09:52:58,0875
[advertisement update success !]
[INFO]2017-09-30 09:54:27,0684
[DeCompress ./tmp/201709300954297429.zip success !]
[INFO]2017-09-30 09:54:30,0595
[upload  Ftp success !]
[INFO]2017-09-30 09:54:30,0599
[advertisement save success !]
[INFO]2017-09-30 10:02:55,0838
[advertisement  delete success !]
[INFO]2017-09-30 10:04:31,0349
[get AdgListData success !]
[INFO]2017-09-30 10:04:32,0758
[get AdvertisementGroupInfo success !]
[INFO]2017-09-30 10:04:44,0241
[advertisementGroup update success !]
[INFO]2017-09-30 10:04:44,0256
[epgAdgRel save success !]
[INFO]2017-09-30 10:04:44,0256
[adgAdRel save success !]
[INFO]2017-09-30 10:04:44,0263
[ displayStrategy save success !]
[INFO]2017-09-30 10:04:44,0470
[get AdgListData success !]
[INFO]2017-09-30 10:04:46,0158
[get AdvertisementGroupInfo success !]
[INFO]2017-09-30 10:04:52,0786
[advertisementGroup update success !]
[INFO]2017-09-30 10:04:52,0800
[epgAdgRel save success !]
[INFO]2017-09-30 10:04:52,0800
[adgAdRel save success !]
[INFO]2017-09-30 10:04:52,0805
[ displayStrategy save success !]
[INFO]2017-09-30 10:04:53,0007
[get AdgListData success !]
[INFO]2017-09-30 10:04:54,0176
[get AdvertisementGroupInfo success !]
[INFO]2017-09-30 10:05:04,0461
[advertisementGroup update success !]
[INFO]2017-09-30 10:05:04,0474
[epgAdgRel save success !]
[INFO]2017-09-30 10:05:04,0474
[adgAdRel save success !]
[INFO]2017-09-30 10:05:04,0477
[ displayStrategy save success !]
[INFO]2017-09-30 10:05:04,0674
[get AdgListData success !]
[INFO]2017-09-30 10:05:06,0324
[get AdvertisementGroupInfo success !]
[INFO]2017-09-30 10:06:15,0266
[advertisementGroup update success !]
[INFO]2017-09-30 10:07:37,0787
[epgAdgRel save success !]
[INFO]2017-09-30 10:07:37,0787
[adgAdRel save success !]
[INFO]2017-09-30 10:07:37,0795
[ displayStrategy save success !]
[INFO]2017-09-30 10:07:41,0447
[get AdgListData success !]
[INFO]2017-09-30 10:07:42,0785
[get AdvertisementGroupInfo success !]
[INFO]2017-09-30 10:07:46,0913
[advertisementGroup update success !]
[INFO]2017-09-30 10:07:49,0615
[epgAdgRel save success !]
[INFO]2017-09-30 10:07:49,0615
[adgAdRel save success !]
[INFO]2017-09-30 10:07:49,0619
[ displayStrategy save success !]
[INFO]2017-09-30 10:07:49,0766
[get AdgListData success !]
[INFO]2017-09-30 10:08:00,0535
[get AdvertisementGroupInfo success !]
[INFO]2017-09-30 10:09:33,0422
[get AdgListData success !]
[INFO]2017-09-30 10:09:34,0580
[get AdvertisementGroupInfo success !]
[INFO]2017-09-30 10:09:35,0967
[get PreviewData success !]
[INFO]2017-09-30 10:16:15,0993
[get AdgListData success !]
[INFO]2017-09-30 10:16:16,0865
[get AdvertisementGroupInfo success !]
[INFO]2017-09-30 10:16:18,0861
[get PreviewData success !]
[INFO]2017-09-30 10:23:24,0786
[get AdgListData success !]
[INFO]2017-09-30 10:23:26,0311
[get AdvertisementGroupInfo success !]
[INFO]2017-09-30 10:23:27,0289
[get PreviewData success !]
[INFO]2017-09-30 11:44:06,0914
[upload  Ftp success !]
[INFO]2017-09-30 11:44:06,0917
[advertisement update success !]
