2017-08-22 14:14:33,0050
[code:310   msg:JSON格式转换错误]
2017-08-22 16:12:17,0615
[code:111   msg:文件解压失败]
2017-08-22 17:17:55,0458
[code:111   msg:文件解压失败]
2017-08-22 17:18:34,0222
[code:111   msg:文件解压失败]
2017-08-22 17:19:15,0776
[code:111   msg:文件解压失败]
2017-09-04 13:56:31,0091
[code:310   msg:JSON格式转换错误]
2017-09-04 14:37:53,0217
[code:310   msg:JSON格式转换错误]
2017-09-04 15:19:08,0546
[code:310   msg:JSON格式转换错误]
2017-09-04 15:20:00,0935
[code:310   msg:JSON格式转换错误]
2017-09-04 15:21:09,0994
[code:310   msg:JSON格式转换错误]
2017-09-05 17:27:15,0440
[code:310   msg:JSON格式转换错误]
2017-09-05 17:27:15,0649
[code:310   msg:JSON格式转换错误]
2017-09-05 17:28:10,0260
[code:310   msg:JSON格式转换错误]
2017-09-05 17:29:05,0651
[code:310   msg:JSON格式转换错误]
2017-09-05 17:30:47,0634
[code:310   msg:JSON格式转换错误]
2017-09-13 20:01:21,0278
[code:111   msg:æä»¶è§£åå¤±è´¥]
2017-09-13 20:03:08,0960
[code:111   msg:æä»¶è§£åå¤±è´¥]
2017-09-13 20:05:19,0478
[code:111   msg:æä»¶è§£åå¤±è´¥]
2017-09-13 20:22:39,0162
[code:111   msg:æä»¶è§£åå¤±è´¥]
2017-09-13 20:23:24,0350
[code:111   msg:æä»¶è§£åå¤±è´¥]
2017-09-13 20:43:51,0357
[code:300   msg:åæ°ä¸æ­£ç¡®æåæ°ä¸ºç©º]
2017-09-13 20:43:54,0303
[code:300   msg:åæ°ä¸æ­£ç¡®æåæ°ä¸ºç©º]
2017-09-13 20:44:03,0391
[code:300   msg:åæ°ä¸æ­£ç¡®æåæ°ä¸ºç©º]
2017-09-13 20:44:54,0954
[code:300   msg:åæ°ä¸æ­£ç¡®æåæ°ä¸ºç©º]
2017-09-13 20:45:23,0099
[code:300   msg:åæ°ä¸æ­£ç¡®æåæ°ä¸ºç©º]
2017-09-13 20:46:13,0898
[code:300   msg:åæ°ä¸æ­£ç¡®æåæ°ä¸ºç©º]
2017-09-13 20:46:16,0225
[code:300   msg:åæ°ä¸æ­£ç¡®æåæ°ä¸ºç©º]
2017-09-13 20:46:40,0410
[code:300   msg:åæ°ä¸æ­£ç¡®æåæ°ä¸ºç©º]
2017-09-13 22:01:44,0878
[code:300   msg:åæ°ä¸æ­£ç¡®æåæ°ä¸ºç©º]
2017-09-14 09:27:02,0232
[code:300   msg:åæ°ä¸æ­£ç¡®æåæ°ä¸ºç©º]
2017-09-14 09:30:20,0769
[code:401   msg:null]
2017-09-14 09:30:36,0551
[code:401   msg:null]
2017-09-14 09:55:53,0185
[code:401   msg:null]
2017-09-14 10:04:21,0953
[code:401   msg:null]
2017-09-14 10:04:47,0521
[code:401   msg:null]
2017-09-14 10:09:17,0799
[code:401   msg:null]
2017-09-14 10:12:08,0509
[code:401   msg:null]
2017-09-14 10:13:12,0790
[code:300   msg:åæ°ä¸æ­£ç¡®æåæ°ä¸ºç©º]
2017-09-14 10:55:07,0113
[code:401   msg:null]
2017-09-14 11:00:00,0547
[code:401   msg:null]
2017-09-14 11:17:49,0917
[code:401   msg:null]
2017-09-14 20:22:09,0253
[code:401   msg:null]
2017-09-15 09:12:57,0569
[code:300   msg:参数不正确或参数为空]
2017-09-15 11:28:32,0041
[code:408   msg:文件已被使用不能删除]
2017-09-15 11:29:43,0561
[code:408   msg:文件已被使用不能删除]
2017-09-15 11:30:02,0211
[code:408   msg:文件已被使用不能删除]
2017-09-15 11:30:57,0642
[code:408   msg:文件已被使用不能删除]
2017-09-15 11:34:12,0171
[code:408   msg:文件已被使用不能删除]
2017-09-15 11:44:39,0163
[code:408   msg:文件已被使用不能删除]
2017-09-25 17:38:56,0797
[code:300   msg:参数不正确或参数为空]
2017-09-25 17:53:25,0055
[code:2101   msg:添加标签失败]
2017-09-30 09:49:21,0515
[code:113   msg:文件下载失败]
2017-09-30 10:02:50,0364
[code:408   msg:文件已被使用不能删除]
